#
# There is insufficient memory for the Java Runtime Environment to continue.
# Native memory allocation (malloc) failed to allocate 1764352 bytes for Chunk::new
# Possible reasons:
#   The system is out of physical RAM or swap space
#   The process is running with CompressedOops enabled, and the Java Heap may be blocking the growth of the native heap
# Possible solutions:
#   Reduce memory load on the system
#   Increase physical memory or swap space
#   Check if swap backing store is full
#   Decrease Java heap size (-Xmx/-Xms)
#   Decrease number of Java threads
#   Decrease Java thread stack sizes (-Xss)
#   Set larger code cache with -XX:ReservedCodeCacheSize=
#   JVM is running with Zero Based Compressed Oops mode in which the Java heap is
#     placed in the first 32GB address space. The Java Heap base address is the
#     maximum limit for the native heap growth. Please use -XX:HeapBaseMinAddress
#     to set the Java Heap base and to place the Java Heap above 32GB virtual address.
# This output file may be truncated or incomplete.
#
#  Out of Memory Error (allocation.cpp:389), pid=15436, tid=0x0000000000002834
#
# JRE version: Java(TM) SE Runtime Environment (8.0_241-b07) (build 1.8.0_241-b07)
# Java VM: Java HotSpot(TM) 64-Bit Server VM (25.241-b07 mixed mode windows-amd64 compressed oops)
# Failed to write core dump. Minidumps are not enabled by default on client versions of Windows
#

---------------  T H R E A D  ---------------

Current thread (0x0000000019bc8000):  JavaThread "C2 CompilerThread0" daemon [_thread_in_native, id=10292, stack(0x000000001b250000,0x000000001b350000)]

Stack: [0x000000001b250000,0x000000001b350000]
[error occurred during error reporting (printing stack bounds), id 0xc0000005]

Native frames: (J=compiled Java code, j=interpreted, Vv=VM code, C=native code)


Current CompileTask:
C2:   7968 1920       4       java.net.URLClassLoader$1::run (5 bytes)


---------------  P R O C E S S  ---------------

Java Threads: ( => current thread )
  0x000000001c83e000 JavaThread "restartedMain" [_thread_in_vm, id=15584, stack(0x000000001d560000,0x000000001d660000)]
  0x000000001c871000 JavaThread "Thread-0" [_thread_blocked, id=18284, stack(0x000000001d460000,0x000000001d560000)]
  0x000000001b49b000 JavaThread "Service Thread" daemon [_thread_blocked, id=2680, stack(0x000000001b950000,0x000000001ba50000)]
  0x000000001b468800 JavaThread "C1 CompilerThread2" daemon [_thread_blocked, id=18192, stack(0x000000001b850000,0x000000001b950000)]
  0x0000000019bd7800 JavaThread "C2 CompilerThread1" daemon [_thread_in_native, id=16556, stack(0x000000001b350000,0x000000001b450000)]
=>0x0000000019bc8000 JavaThread "C2 CompilerThread0" daemon [_thread_in_native, id=10292, stack(0x000000001b250000,0x000000001b350000)]
  0x0000000019bc6800 JavaThread "Attach Listener" daemon [_thread_blocked, id=14108, stack(0x000000001b150000,0x000000001b250000)]
  0x0000000019bc5000 JavaThread "Signal Dispatcher" daemon [_thread_blocked, id=16512, stack(0x000000001b050000,0x000000001b150000)]
  0x0000000019bb0000 JavaThread "Finalizer" daemon [_thread_blocked, id=8656, stack(0x000000001ae50000,0x000000001af50000)]
  0x0000000002bd5800 JavaThread "Reference Handler" daemon [_thread_blocked, id=4892, stack(0x000000001ad50000,0x000000001ae50000)]
  0x0000000002ae6800 JavaThread "main" [_thread_blocked, id=7964, stack(0x00000000029e0000,0x0000000002ae0000)]

Other Threads:
  0x0000000019b88800 VMThread [stack: 0x000000001ac50000,0x000000001ad50000] [id=6204]
  0x000000001b520000 WatcherThread [stack: 0x000000001ba50000,0x000000001bb50000] [id=2852]

VM state:not at safepoint (normal execution)

VM Mutex/Monitor currently owned by a thread: None

heap address: 0x0000000702c00000, size: 3028 MB, Compressed Oops mode: Zero based, Oop shift amount: 3
Narrow klass base: 0x0000000000000000, Narrow klass shift: 3
Compressed class space size: 1073741824 Address: 0x00000007c0000000

Heap:
 PSYoungGen      total 105984K, used 87962K [0x0000000780f00000, 0x000000078de00000, 0x00000007c0000000)
  eden space 98304K, 89% used [0x0000000780f00000,0x00000007864e6b48,0x0000000786f00000)
  from space 7680K, 0% used [0x0000000786f00000,0x0000000786f00000,0x0000000787680000)
  to   space 7680K, 0% used [0x000000078d680000,0x000000078d680000,0x000000078de00000)
 ParOldGen       total 86016K, used 10264K [0x0000000702c00000, 0x0000000708000000, 0x0000000780f00000)
  object space 86016K, 11% used [0x0000000702c00000,0x0000000703606290,0x0000000708000000)
 Metaspace       used 25251K, capacity 26344K, committed 26496K, reserved 1073152K
  class space    used 3359K, capacity 3614K, committed 3712K, reserved 1048576K

Card table byte_map: [0x0000000011fa0000,0x0000000012590000] byte_map_base: 0x000000000e78a000

Marking Bits: (ParMarkBitMap*) 0x000000005777be30
 Begin Bits: [0x0000000012d90000, 0x0000000015ce0000)
 End Bits:   [0x0000000015ce0000, 0x0000000018c30000)

Polling page: 0x00000000007f0000

CodeCache: size=245760Kb used=5833Kb max_used=6529Kb free=239926Kb
 bounds [0x0000000002be0000, 0x0000000003250000, 0x0000000011be0000]
 total_blobs=2209 nmethods=1820 adapters=301
 compilation: enabled

Compilation events (10 events):
Event: 7.951 Thread 0x000000001b468800 2039       3       org.springframework.asm.ClassReader::readUtf (44 bytes)
Event: 7.951 Thread 0x000000001b468800 nmethod 2039 0x0000000002f81590 code [0x0000000002f81720, 0x0000000002f81b88]
Event: 7.951 Thread 0x000000001b468800 2040       3       org.springframework.util.Assert::isTrue (14 bytes)
Event: 7.952 Thread 0x000000001b468800 nmethod 2040 0x0000000002d21e50 code [0x0000000002d21fc0, 0x0000000002d221e8]
Event: 7.952 Thread 0x000000001b468800 2041       1       java.io.File::getPrefixLength (5 bytes)
Event: 7.952 Thread 0x000000001b468800 nmethod 2041 0x0000000002eefbd0 code [0x0000000002eefd20, 0x0000000002eefe30]
Event: 7.953 Thread 0x000000001b468800 2042       1       org.springframework.core.annotation.PackagesAnnotationFilter::hashCode (5 bytes)
Event: 7.953 Thread 0x000000001b468800 nmethod 2042 0x0000000002e315d0 code [0x0000000002e31720, 0x0000000002e31830]
Event: 7.955 Thread 0x000000001b468800 2043       3       org.springframework.core.annotation.AnnotationTypeMapping::filledIntArray (11 bytes)
Event: 7.955 Thread 0x000000001b468800 nmethod 2043 0x0000000002dc9f50 code [0x0000000002dca0c0, 0x0000000002dca390]

GC Heap History (8 events):
Event: 1.759 GC heap before
{Heap before GC invocations=1 (full 0):
 PSYoungGen      total 56832K, used 49152K [0x0000000780f00000, 0x0000000784e00000, 0x00000007c0000000)
  eden space 49152K, 100% used [0x0000000780f00000,0x0000000783f00000,0x0000000783f00000)
  from space 7680K, 0% used [0x0000000784680000,0x0000000784680000,0x0000000784e00000)
  to   space 7680K, 0% used [0x0000000783f00000,0x0000000783f00000,0x0000000784680000)
 ParOldGen       total 130048K, used 0K [0x0000000702c00000, 0x000000070ab00000, 0x0000000780f00000)
  object space 130048K, 0% used [0x0000000702c00000,0x0000000702c00000,0x000000070ab00000)
 Metaspace       used 7723K, capacity 7986K, committed 8192K, reserved 1056768K
  class space    used 916K, capacity 1003K, committed 1024K, reserved 1048576K
Event: 1.780 GC heap after
Heap after GC invocations=1 (full 0):
 PSYoungGen      total 56832K, used 7658K [0x0000000780f00000, 0x0000000787e00000, 0x00000007c0000000)
  eden space 49152K, 0% used [0x0000000780f00000,0x0000000780f00000,0x0000000783f00000)
  from space 7680K, 99% used [0x0000000783f00000,0x000000078467abc0,0x0000000784680000)
  to   space 7680K, 0% used [0x0000000787680000,0x0000000787680000,0x0000000787e00000)
 ParOldGen       total 130048K, used 911K [0x0000000702c00000, 0x000000070ab00000, 0x0000000780f00000)
  object space 130048K, 0% used [0x0000000702c00000,0x0000000702ce3cc0,0x000000070ab00000)
 Metaspace       used 7723K, capacity 7986K, committed 8192K, reserved 1056768K
  class space    used 916K, capacity 1003K, committed 1024K, reserved 1048576K
}
Event: 3.209 GC heap before
{Heap before GC invocations=2 (full 0):
 PSYoungGen      total 56832K, used 56810K [0x0000000780f00000, 0x0000000787e00000, 0x00000007c0000000)
  eden space 49152K, 100% used [0x0000000780f00000,0x0000000783f00000,0x0000000783f00000)
  from space 7680K, 99% used [0x0000000783f00000,0x000000078467abc0,0x0000000784680000)
  to   space 7680K, 0% used [0x0000000787680000,0x0000000787680000,0x0000000787e00000)
 ParOldGen       total 130048K, used 911K [0x0000000702c00000, 0x000000070ab00000, 0x0000000780f00000)
  object space 130048K, 0% used [0x0000000702c00000,0x0000000702ce3cc0,0x000000070ab00000)
 Metaspace       used 12860K, capacity 13580K, committed 13824K, reserved 1060864K
  class space    used 1605K, capacity 1775K, committed 1792K, reserved 1048576K
Event: 3.228 GC heap after
Heap after GC invocations=2 (full 0):
 PSYoungGen      total 105984K, used 6264K [0x0000000780f00000, 0x0000000787e00000, 0x00000007c0000000)
  eden space 98304K, 0% used [0x0000000780f00000,0x0000000780f00000,0x0000000786f00000)
  from space 7680K, 81% used [0x0000000787680000,0x0000000787c9e0d8,0x0000000787e00000)
  to   space 7680K, 0% used [0x0000000786f00000,0x0000000786f00000,0x0000000787680000)
 ParOldGen       total 130048K, used 919K [0x0000000702c00000, 0x000000070ab00000, 0x0000000780f00000)
  object space 130048K, 0% used [0x0000000702c00000,0x0000000702ce5cc0,0x000000070ab00000)
 Metaspace       used 12860K, capacity 13580K, committed 13824K, reserved 1060864K
  class space    used 1605K, capacity 1775K, committed 1792K, reserved 1048576K
}
Event: 6.540 GC heap before
{Heap before GC invocations=3 (full 0):
 PSYoungGen      total 105984K, used 63273K [0x0000000780f00000, 0x0000000787e00000, 0x00000007c0000000)
  eden space 98304K, 57% used [0x0000000780f00000,0x00000007846ac638,0x0000000786f00000)
  from space 7680K, 81% used [0x0000000787680000,0x0000000787c9e0d8,0x0000000787e00000)
  to   space 7680K, 0% used [0x0000000786f00000,0x0000000786f00000,0x0000000787680000)
 ParOldGen       total 130048K, used 919K [0x0000000702c00000, 0x000000070ab00000, 0x0000000780f00000)
  object space 130048K, 0% used [0x0000000702c00000,0x0000000702ce5cc0,0x000000070ab00000)
 Metaspace       used 20386K, capacity 21228K, committed 21296K, reserved 1069056K
  class space    used 2587K, capacity 2793K, committed 2816K, reserved 1048576K
Event: 6.560 GC heap after
Heap after GC invocations=3 (full 0):
 PSYoungGen      total 105984K, used 7660K [0x0000000780f00000, 0x000000078de00000, 0x00000007c0000000)
  eden space 98304K, 0% used [0x0000000780f00000,0x0000000780f00000,0x0000000786f00000)
  from space 7680K, 99% used [0x0000000786f00000,0x000000078767b0f0,0x0000000787680000)
  to   space 7680K, 0% used [0x000000078d680000,0x000000078d680000,0x000000078de00000)
 ParOldGen       total 130048K, used 3969K [0x0000000702c00000, 0x000000070ab00000, 0x0000000780f00000)
  object space 130048K, 3% used [0x0000000702c00000,0x0000000702fe0748,0x000000070ab00000)
 Metaspace       used 20386K, capacity 21228K, committed 21296K, reserved 1069056K
  class space    used 2587K, capacity 2793K, committed 2816K, reserved 1048576K
}
Event: 6.560 GC heap before
{Heap before GC invocations=4 (full 1):
 PSYoungGen      total 105984K, used 7660K [0x0000000780f00000, 0x000000078de00000, 0x00000007c0000000)
  eden space 98304K, 0% used [0x0000000780f00000,0x0000000780f00000,0x0000000786f00000)
  from space 7680K, 99% used [0x0000000786f00000,0x000000078767b0f0,0x0000000787680000)
  to   space 7680K, 0% used [0x000000078d680000,0x000000078d680000,0x000000078de00000)
 ParOldGen       total 130048K, used 3969K [0x0000000702c00000, 0x000000070ab00000, 0x0000000780f00000)
  object space 130048K, 3% used [0x0000000702c00000,0x0000000702fe0748,0x000000070ab00000)
 Metaspace       used 20386K, capacity 21228K, committed 21296K, reserved 1069056K
  class space    used 2587K, capacity 2793K, committed 2816K, reserved 1048576K
Event: 6.617 GC heap after
Heap after GC invocations=4 (full 1):
 PSYoungGen      total 105984K, used 0K [0x0000000780f00000, 0x000000078de00000, 0x00000007c0000000)
  eden space 98304K, 0% used [0x0000000780f00000,0x0000000780f00000,0x0000000786f00000)
  from space 7680K, 0% used [0x0000000786f00000,0x0000000786f00000,0x0000000787680000)
  to   space 7680K, 0% used [0x000000078d680000,0x000000078d680000,0x000000078de00000)
 ParOldGen       total 86016K, used 10264K [0x0000000702c00000, 0x0000000708000000, 0x0000000780f00000)
  object space 86016K, 11% used [0x0000000702c00000,0x0000000703606290,0x0000000708000000)
 Metaspace       used 20386K, capacity 21228K, committed 21296K, reserved 1069056K
  class space    used 2587K, capacity 2793K, committed 2816K, reserved 1048576K
}

Deoptimization events (10 events):
Event: 6.314 Thread 0x000000001c83e000 Uncommon trap: reason=array_check action=maybe_recompile pc=0x0000000003141b84 method=java.util.AbstractCollection.toArray([Ljava/lang/Object;)[Ljava/lang/Object; @ 119
Event: 6.356 Thread 0x000000001d44f800 Uncommon trap: reason=unstable_if action=reinterpret pc=0x0000000002f01914 method=java.lang.ThreadLocal.get()Ljava/lang/Object; @ 11
Event: 6.480 Thread 0x000000001c83e000 Uncommon trap: reason=unstable_if action=reinterpret pc=0x0000000003169e94 method=java.util.jar.JarFile.maybeInstantiateVerifier()V @ 21
Event: 6.649 Thread 0x000000001d44f800 Uncommon trap: reason=unstable_if action=reinterpret pc=0x00000000031163b0 method=java.util.concurrent.ConcurrentHashMap.addCount(JI)V @ 34
Event: 7.096 Thread 0x000000001c83e000 Uncommon trap: reason=unstable_if action=reinterpret pc=0x000000000312b000 method=java.io.WinNTFileSystem.normalize(Ljava/lang/String;)Ljava/lang/String; @ 128
Event: 7.422 Thread 0x000000001c83e000 Uncommon trap: reason=unstable_if action=reinterpret pc=0x0000000003065b74 method=java.util.Hashtable$Enumerator.nextElement()Ljava/lang/Object; @ 71
Event: 7.422 Thread 0x000000001c83e000 Uncommon trap: reason=unstable_if action=reinterpret pc=0x000000000305f4c0 method=java.util.Hashtable$Enumerator.nextElement()Ljava/lang/Object; @ 71
Event: 7.623 Thread 0x000000001d44f800 Uncommon trap: reason=bimorphic action=maybe_recompile pc=0x00000000031bf638 method=java.util.HashMap.putVal(ILjava/lang/Object;Ljava/lang/Object;ZZ)Ljava/lang/Object; @ 203
Event: 7.630 Thread 0x000000001d44f800 Uncommon trap: reason=bimorphic action=maybe_recompile pc=0x00000000031bf638 method=java.util.HashMap.putVal(ILjava/lang/Object;Ljava/lang/Object;ZZ)Ljava/lang/Object; @ 203
Event: 7.635 Thread 0x000000001d44f800 Uncommon trap: reason=bimorphic action=maybe_recompile pc=0x00000000031bf638 method=java.util.HashMap.putVal(ILjava/lang/Object;Ljava/lang/Object;ZZ)Ljava/lang/Object; @ 203

Classes redefined (0 events):
No events

Internal exceptions (10 events):
Event: 7.035 Thread 0x000000001c83e000 Exception <a 'java/lang/ClassNotFoundException': org/springframework/context/ResourceLoaderAwareCustomizer> (0x0000000782d7ed08) thrown at [C:\ade\jenkins\workspace\8-2-build-windows-amd64-cygwin\jdk8u241\331\hotspot\src\share\vm\classfile\systemDictionar
Event: 7.037 Thread 0x000000001c83e000 Exception <a 'java/lang/ClassNotFoundException': org/springframework/beans/factory/AwareCustomizer> (0x00000007831ae998) thrown at [C:\ade\jenkins\workspace\8-2-build-windows-amd64-cygwin\jdk8u241\331\hotspot\src\share\vm\classfile\systemDictionary.cpp, l
Event: 7.039 Thread 0x000000001c83e000 Exception <a 'java/lang/ClassNotFoundException': org/springframework/context/ApplicationStartupAwareCustomizer> (0x00000007831ccdc0) thrown at [C:\ade\jenkins\workspace\8-2-build-windows-amd64-cygwin\jdk8u241\331\hotspot\src\share\vm\classfile\systemDicti
Event: 7.040 Thread 0x000000001c83e000 Exception <a 'java/lang/ClassNotFoundException': org/springframework/beans/factory/AwareCustomizer> (0x00000007831e7f60) thrown at [C:\ade\jenkins\workspace\8-2-build-windows-amd64-cygwin\jdk8u241\331\hotspot\src\share\vm\classfile\systemDictionary.cpp, l
Event: 7.042 Thread 0x000000001c83e000 Exception <a 'java/lang/ClassNotFoundException': org/springframework/beans/factory/BeanClassLoaderAwareCustomizer> (0x00000007832071b0) thrown at [C:\ade\jenkins\workspace\8-2-build-windows-amd64-cygwin\jdk8u241\331\hotspot\src\share\vm\classfile\systemDi
Event: 7.043 Thread 0x000000001c83e000 Exception <a 'java/lang/ClassNotFoundException': org/springframework/beans/factory/AwareCustomizer> (0x0000000783221ee0) thrown at [C:\ade\jenkins\workspace\8-2-build-windows-amd64-cygwin\jdk8u241\331\hotspot\src\share\vm\classfile\systemDictionary.cpp, l
Event: 7.044 Thread 0x000000001c83e000 Exception <a 'java/lang/ClassNotFoundException': org/springframework/context/EnvironmentAwareCustomizer> (0x000000078323d740) thrown at [C:\ade\jenkins\workspace\8-2-build-windows-amd64-cygwin\jdk8u241\331\hotspot\src\share\vm\classfile\systemDictionary.c
Event: 7.045 Thread 0x000000001c83e000 Exception <a 'java/lang/ClassNotFoundException': org/springframework/beans/factory/AwareCustomizer> (0x0000000783258350) thrown at [C:\ade\jenkins\workspace\8-2-build-windows-amd64-cygwin\jdk8u241\331\hotspot\src\share\vm\classfile\systemDictionary.cpp, l
Event: 7.345 Thread 0x000000001c83e000 Exception <a 'java/lang/NoSuchMethodError': java.lang.Object.lambda$or$2(Ljava/util/function/Predicate;Ljava/lang/Object;)Z> (0x00000007844f9e38) thrown at [C:\ade\jenkins\workspace\8-2-build-windows-amd64-cygwin\jdk8u241\331\hotspot\src\share\vm\interpre
Event: 7.888 Thread 0x000000001c83e000 Exception <a 'java/lang/IncompatibleClassChangeError': Found class java.lang.Object, but interface was expected> (0x00000007860f9fc8) thrown at [C:\ade\jenkins\workspace\8-2-build-windows-amd64-cygwin\jdk8u241\331\hotspot\src\share\vm\interpreter\linkReso

Events (10 events):
Event: 7.947 loading class org/springframework/boot/context/properties/EnableConfigurationProperties
Event: 7.947 loading class org/springframework/boot/context/properties/EnableConfigurationProperties done
Event: 7.948 loading class org/springframework/boot/context/properties/EnableConfigurationPropertiesRegistrar
Event: 7.948 loading class org/springframework/boot/context/properties/EnableConfigurationPropertiesRegistrar done
Event: 7.954 loading class org/springframework/boot/autoconfigure/condition/ConditionalOnResource
Event: 7.954 loading class org/springframework/boot/autoconfigure/condition/ConditionalOnResource done
Event: 7.955 loading class org/springframework/boot/autoconfigure/condition/OnResourceCondition
Event: 7.955 loading class org/springframework/boot/autoconfigure/condition/OnResourceCondition done
Event: 7.957 loading class org/springframework/core/type/classreading/MergedAnnotationReadingVisitor
Event: 7.957 loading class org/springframework/core/type/classreading/MergedAnnotationReadingVisitor done


Dynamic libraries:
0x00007ff6f79c0000 - 0x00007ff6f79f7000 	C:\Program Files\Java\jre1.8.0_241\bin\javaw.exe
0x00007ffaabe30000 - 0x00007ffaac025000 	C:\WINDOWS\SYSTEM32\ntdll.dll
0x00007ffaaa410000 - 0x00007ffaaa4cd000 	C:\WINDOWS\System32\KERNEL32.DLL
0x00007ffaa9960000 - 0x00007ffaa9c28000 	C:\WINDOWS\System32\KERNELBASE.dll
0x00007ffaab450000 - 0x00007ffaab4fc000 	C:\WINDOWS\System32\ADVAPI32.dll
0x00007ffaab3b0000 - 0x00007ffaab44e000 	C:\WINDOWS\System32\msvcrt.dll
0x00007ffaab900000 - 0x00007ffaab99b000 	C:\WINDOWS\System32\sechost.dll
0x00007ffaab7d0000 - 0x00007ffaab8fb000 	C:\WINDOWS\System32\RPCRT4.dll
0x00007ffaab510000 - 0x00007ffaab6b0000 	C:\WINDOWS\System32\USER32.dll
0x00007ffaa9930000 - 0x00007ffaa9952000 	C:\WINDOWS\System32\win32u.dll
0x00007ffaaba40000 - 0x00007ffaaba6a000 	C:\WINDOWS\System32\GDI32.dll
0x00007ffaa9680000 - 0x00007ffaa978b000 	C:\WINDOWS\System32\gdi32full.dll
0x00007ffaa9790000 - 0x00007ffaa982d000 	C:\WINDOWS\System32\msvcp_win.dll
0x00007ffaa9830000 - 0x00007ffaa9930000 	C:\WINDOWS\System32\ucrtbase.dll
0x00007ffa98e40000 - 0x00007ffa990da000 	C:\WINDOWS\WinSxS\amd64_microsoft.windows.common-controls_6595b64144ccf1df_6.0.19041.844_none_ca00b6081b84eb1d\COMCTL32.dll
0x00007ffaa9e90000 - 0x00007ffaa9ec0000 	C:\WINDOWS\System32\IMM32.DLL
0x0000000056e70000 - 0x0000000056f42000 	C:\Program Files\Java\jre1.8.0_241\bin\msvcr100.dll
0x0000000056f50000 - 0x00000000577fc000 	C:\Program Files\Java\jre1.8.0_241\bin\server\jvm.dll
0x00007ffaab500000 - 0x00007ffaab508000 	C:\WINDOWS\System32\PSAPI.DLL
0x00007ffa943e0000 - 0x00007ffa943e9000 	C:\WINDOWS\SYSTEM32\WSOCK32.dll
0x00007ffaab9b0000 - 0x00007ffaaba1b000 	C:\WINDOWS\System32\WS2_32.dll
0x00007ffa9acb0000 - 0x00007ffa9acd7000 	C:\WINDOWS\SYSTEM32\WINMM.dll
0x00007ffa9a830000 - 0x00007ffa9a83a000 	C:\WINDOWS\SYSTEM32\VERSION.dll
0x00007ffaa43d0000 - 0x00007ffaa43df000 	C:\Program Files\Java\jre1.8.0_241\bin\verify.dll
0x00007ffa98d60000 - 0x00007ffa98d89000 	C:\Program Files\Java\jre1.8.0_241\bin\java.dll
0x00007ffa93210000 - 0x00007ffa93226000 	C:\Program Files\Java\jre1.8.0_241\bin\zip.dll
0x00007ffaaa740000 - 0x00007ffaaae82000 	C:\WINDOWS\System32\SHELL32.dll
0x00007ffaa76c0000 - 0x00007ffaa7e50000 	C:\WINDOWS\SYSTEM32\windows.storage.dll
0x00007ffaaaff0000 - 0x00007ffaab345000 	C:\WINDOWS\System32\combase.dll
0x00007ffaa8f70000 - 0x00007ffaa8f9c000 	C:\WINDOWS\SYSTEM32\Wldp.dll
0x00007ffaaaf40000 - 0x00007ffaaafee000 	C:\WINDOWS\System32\SHCORE.dll
0x00007ffaabb50000 - 0x00007ffaabba5000 	C:\WINDOWS\System32\shlwapi.dll
0x00007ffaa94b0000 - 0x00007ffaa94cf000 	C:\WINDOWS\SYSTEM32\profapi.dll
0x00007ffa90120000 - 0x00007ffa9013a000 	C:\Program Files\Java\jre1.8.0_241\bin\net.dll
0x00007ffaa8ce0000 - 0x00007ffaa8d4a000 	C:\WINDOWS\system32\mswsock.dll
0x00007ffaa89d0000 - 0x00007ffaa8a0b000 	C:\WINDOWS\SYSTEM32\IPHLPAPI.DLL
0x00007ffaab9a0000 - 0x00007ffaab9a8000 	C:\WINDOWS\System32\NSI.dll
0x00007ffa9a5e0000 - 0x00007ffa9a5f7000 	C:\WINDOWS\SYSTEM32\dhcpcsvc6.DLL
0x00007ffa9ab20000 - 0x00007ffa9ab3d000 	C:\WINDOWS\SYSTEM32\dhcpcsvc.DLL
0x00007ffaa8a10000 - 0x00007ffaa8adc000 	C:\WINDOWS\SYSTEM32\DNSAPI.dll
0x00007ffa958b0000 - 0x00007ffa958ba000 	C:\Windows\System32\rasadhlp.dll
0x00007ffa97360000 - 0x00007ffa973df000 	C:\WINDOWS\System32\fwpuclnt.dll
0x00007ffaa9e60000 - 0x00007ffaa9e87000 	C:\WINDOWS\System32\bcrypt.dll
0x00007ffaa5440000 - 0x00007ffaa544d000 	C:\Program Files\Java\jre1.8.0_241\bin\management.dll
0x00007ffa89660000 - 0x00007ffa89677000 	C:\WINDOWS\system32\napinsp.dll
0x00007ffa89700000 - 0x00007ffa8971b000 	C:\WINDOWS\system32\pnrpnsp.dll
0x00007ffaa3b70000 - 0x00007ffaa3b85000 	C:\WINDOWS\system32\wshbth.dll
0x00007ffaa40d0000 - 0x00007ffaa40ed000 	C:\WINDOWS\system32\NLAapi.dll
0x00007ffa896e0000 - 0x00007ffa896f2000 	C:\WINDOWS\System32\winrnr.dll
0x00007ffa7f680000 - 0x00007ffa7f692000 	C:\Program Files\Java\jre1.8.0_241\bin\nio.dll

VM Arguments:
jvm_args: -Dfile.encoding=UTF-8 
java_command: com.simha.microservice.Currencyconversionservice.CurrencyConversionServiceApplication
java_class_path (initial): C:\Program Files\Java\jre1.8.0_241\lib\resources.jar;C:\Program Files\Java\jre1.8.0_241\lib\rt.jar;C:\Program Files\Java\jre1.8.0_241\lib\jsse.jar;C:\Program Files\Java\jre1.8.0_241\lib\jce.jar;C:\Program Files\Java\jre1.8.0_241\lib\charsets.jar;C:\Program Files\Java\jre1.8.0_241\lib\jfr.jar;C:\Program Files\Java\jre1.8.0_241\lib\ext\access-bridge-64.jar;C:\Program Files\Java\jre1.8.0_241\lib\ext\cldrdata.jar;C:\Program Files\Java\jre1.8.0_241\lib\ext\dnsns.jar;C:\Program Files\Java\jre1.8.0_241\lib\ext\jaccess.jar;C:\Program Files\Java\jre1.8.0_241\lib\ext\jfxrt.jar;C:\Program Files\Java\jre1.8.0_241\lib\ext\localedata.jar;C:\Program Files\Java\jre1.8.0_241\lib\ext\nashorn.jar;C:\Program Files\Java\jre1.8.0_241\lib\ext\sunec.jar;C:\Program Files\Java\jre1.8.0_241\lib\ext\sunjce_provider.jar;C:\Program Files\Java\jre1.8.0_241\lib\ext\sunmscapi.jar;C:\Program Files\Java\jre1.8.0_241\lib\ext\sunpkcs11.jar;C:\Program Files\Java\jre1.8.0_241\lib\ext\zipfs.jar;C:\Users\Simhachalam\Documents\microservices\Currency-conversion-service\target\classes;C:\Users\Simhachalam\.m2\repository\org\springframework\boot\spring-boot-starter-actuator\2.5.3\spring-boot-starter-actuator-2.5.3.jar;C:\Users\Simhachalam\.m2\repository\org\springframework\boot\spring-boot-starter\2.5.3\spring-boot-starter-2.5.3.jar;C:\Users\Simhachalam\.m2\repository\org\springframework\boot\spring-boot-starter-logging\2.5.3\spring-boot-starter-logging-2.5.3.jar;C:\Users\Simhachalam\.m2\repository\ch\qos\logback\logback-classic\1.2.4\logback-classic-1.2.4.jar;C:\Users\Simhachalam\.m2\repository\ch\qos\logback\logback-core\1.2.4\logback-core-1.2.4.jar;C:\Users\Simhachalam\.m2\repository\org\apache\logging\log4j\log4j-to-slf4j\2.14.1\log4j-to-slf4j-2.14.1.jar;C:\Users\Simhachalam\.m2\repository\org\apache\logging\log4j\log4j-api\2.14.1\log4j-api-2.14.1.jar;C:\Users\Simhachalam\.m2\repository\org\slf4j\jul-to-slf4j\1.7.32\jul-to-slf4j-1.7.32.jar;C:\Users\Simhachalam\.m2\repository\ja
Launcher Type: SUN_STANDARD

Environment Variables:
JAVA_HOME=C:\Program Files\Java\jdk1.8.0_241\
PATH=C:/Program Files/Java/jre1.8.0_241/bin/server;C:/Program Files/Java/jre1.8.0_241/bin;C:/Program Files/Java/jre1.8.0_241/lib/amd64;C:\app\Simhachalam\product\18.0.0\dbhomeXE\bin;C:\Program Files (x86)\Common Files\Oracle\Java\javapath;C:\WINDOWS\system32;C:\WINDOWS;C:\WINDOWS\System32\Wbem;C:\WINDOWS\System32\WindowsPowerShell\v1.0\;C:\WINDOWS\System32\OpenSSH\;C:\Program Files\nodejs\;C:\Program Files\MySQL\MySQL Shell 8.0\bin\;C:\Users\Simhachalam\Documents\Python_390\Scripts\;C:\Users\Simhachalam\Documents\Python_390\;C:\Program Files\Java\jdk1.8.0_241\bin;C:\Users\Simhachalam\AppData\Local\Programs\Microsoft VS Code\bin;C:\Program Files\Salesforce CLI\bin;C:\Users\Simhachalam\Documents\Software\apache-maven-3.8.1-bin\apache-maven-3.8.1\bin;;C:\Users\Simhachalam\AppData\Local\Microsoft\WindowsApps;C:\Users\Simhachalam\AppData\Roaming\npm;C:\Users\Simhachalam\Downloads\eclipse-java-oxygen-3a-win32-x86_64\eclipse;
USERNAME=Simhachalam
OS=Windows_NT
PROCESSOR_IDENTIFIER=Intel64 Family 6 Model 78 Stepping 3, GenuineIntel



---------------  S Y S T E M  ---------------

OS: Windows 10.0 , 64 bit Build 19041 (10.0.19041.928)

CPU:total 4 (initial active 4) (2 cores per cpu, 2 threads per core) family 6 model 78 stepping 3, cmov, cx8, fxsr, mmx, sse, sse2, sse3, ssse3, sse4.1, sse4.2, popcnt, avx, avx2, aes, clmul, erms, 3dnowpref, lzcnt, ht, tsc, tscinvbit, bmi1, bmi2, adx

Memory: 4k page, physical 12396924k(3240912k free), swap 16591228k(5384k free)

vm_info: Java HotSpot(TM) 64-Bit Server VM (25.241-b07) for windows-amd64 JRE (1.8.0_241-b07), built on Dec 11 2019 10:21:40 by "rejava" with MS VC++ 10.0 (VS2010)

time: Thu Aug 05 16:15:02 2021
timezone: India Standard Time
elapsed time: 8 seconds (0d 0h 0m 8s)

