#
# There is insufficient memory for the Java Runtime Environment to continue.
# Native memory allocation (malloc) failed to allocate 32744 bytes for ChunkPool::allocate
# Possible reasons:
#   The system is out of physical RAM or swap space
#   The process is running with CompressedOops enabled, and the Java Heap may be blocking the growth of the native heap
# Possible solutions:
#   Reduce memory load on the system
#   Increase physical memory or swap space
#   Check if swap backing store is full
#   Decrease Java heap size (-Xmx/-Xms)
#   Decrease number of Java threads
#   Decrease Java thread stack sizes (-Xss)
#   Set larger code cache with -XX:ReservedCodeCacheSize=
#   JVM is running with Zero Based Compressed Oops mode in which the Java heap is
#     placed in the first 32GB address space. The Java Heap base address is the
#     maximum limit for the native heap growth. Please use -XX:HeapBaseMinAddress
#     to set the Java Heap base and to place the Java Heap above 32GB virtual address.
# This output file may be truncated or incomplete.
#
#  Out of Memory Error (allocation.cpp:272), pid=8992, tid=0x00000000000030b4
#
# JRE version: Java(TM) SE Runtime Environment (8.0_241-b07) (build 1.8.0_241-b07)
# Java VM: Java HotSpot(TM) 64-Bit Server VM (25.241-b07 mixed mode windows-amd64 compressed oops)
# Failed to write core dump. Minidumps are not enabled by default on client versions of Windows
#

---------------  T H R E A D  ---------------

Current thread (0x0000000019e98000):  JavaThread "C1 CompilerThread2" daemon [_thread_in_native, id=12468, stack(0x000000001b6d0000,0x000000001b7d0000)]

Stack: [0x000000001b6d0000,0x000000001b7d0000]
[error occurred during error reporting (printing stack bounds), id 0xc0000005]

Native frames: (J=compiled Java code, j=interpreted, Vv=VM code, C=native code)


Current CompileTask:
C1:  49819 5850       3       org.aspectj.weaver.JoinPointSignatureIterator::addSignaturesUpToFirstDefiningMember (336 bytes)


---------------  P R O C E S S  ---------------

Java Threads: ( => current thread )
  0x000000001ec02800 JavaThread "DiscoveryClient-InstanceInfoReplicator-0" daemon [_thread_blocked, id=7428, stack(0x0000000024ed0000,0x0000000024fd0000)]
  0x000000001ec04000 JavaThread "DiscoveryClient-1" daemon [_thread_blocked, id=14244, stack(0x0000000024dd0000,0x0000000024ed0000)]
  0x000000001ec03000 JavaThread "DiscoveryClient-0" daemon [_thread_blocked, id=10692, stack(0x0000000024cd0000,0x0000000024dd0000)]
  0x000000001ebff800 JavaThread "AsyncResolver-bootstrap-0" daemon [_thread_blocked, id=11428, stack(0x0000000024110000,0x0000000024210000)]
  0x0000000021688000 JavaThread "File Watcher" daemon [_thread_blocked, id=1912, stack(0x0000000023c50000,0x0000000023d50000)]
  0x000000001c333800 JavaThread "container-0" [_thread_blocked, id=13660, stack(0x00000000243d0000,0x00000000244d0000)]
  0x0000000020e30000 JavaThread "Catalina-utility-2" [_thread_blocked, id=11912, stack(0x00000000242d0000,0x00000000243d0000)]
  0x000000001d26f000 JavaThread "Catalina-utility-1" [_thread_blocked, id=8816, stack(0x0000000023db0000,0x0000000023eb0000)]
  0x000000001c4c2800 JavaThread "spring.cloud.inetutils" daemon [_thread_blocked, id=12592, stack(0x000000001f6f0000,0x000000001f7f0000)]
  0x000000001c6dc000 JavaThread "restartedMain" [_thread_in_vm, id=10712, stack(0x000000001d7e0000,0x000000001d8e0000)]
  0x000000001c6da000 JavaThread "Thread-0" [_thread_blocked, id=6104, stack(0x000000001d6e0000,0x000000001d7e0000)]
  0x0000000019ede800 JavaThread "Service Thread" daemon [_thread_blocked, id=12408, stack(0x000000001bbd0000,0x000000001bcd0000)]
=>0x0000000019e98000 JavaThread "C1 CompilerThread2" daemon [_thread_in_native, id=12468, stack(0x000000001b6d0000,0x000000001b7d0000)]
  0x0000000019e94800 JavaThread "C2 CompilerThread1" daemon [_thread_in_native, id=6392, stack(0x000000001b5d0000,0x000000001b6d0000)]
  0x0000000019e8c800 JavaThread "C2 CompilerThread0" daemon [_thread_in_native, id=3288, stack(0x000000001b4d0000,0x000000001b5d0000)]
  0x0000000019e8b800 JavaThread "Attach Listener" daemon [_thread_blocked, id=14284, stack(0x000000001b3d0000,0x000000001b4d0000)]
  0x0000000019e8a000 JavaThread "Signal Dispatcher" daemon [_thread_blocked, id=11124, stack(0x000000001b2d0000,0x000000001b3d0000)]
  0x0000000019e70000 JavaThread "Finalizer" daemon [_thread_blocked, id=10648, stack(0x000000001b0d0000,0x000000001b1d0000)]
  0x0000000002e97000 JavaThread "Reference Handler" daemon [_thread_blocked, id=2360, stack(0x000000001afd0000,0x000000001b0d0000)]
  0x0000000002da8800 JavaThread "main" [_thread_blocked, id=13396, stack(0x0000000002ca0000,0x0000000002da0000)]

Other Threads:
  0x0000000019e48000 VMThread [stack: 0x000000001aed0000,0x000000001afd0000] [id=13644]
  0x000000001b86b000 WatcherThread [stack: 0x000000001bcd0000,0x000000001bdd0000] [id=6608]

VM state:not at safepoint (normal execution)

VM Mutex/Monitor currently owned by a thread: None

heap address: 0x0000000702c00000, size: 3028 MB, Compressed Oops mode: Zero based, Oop shift amount: 3
Narrow klass base: 0x0000000000000000, Narrow klass shift: 3
Compressed class space size: 1073741824 Address: 0x00000007c0000000

Heap:
 PSYoungGen      total 328192K, used 73083K [0x0000000780f00000, 0x0000000796e80000, 0x00000007c0000000)
  eden space 311808K, 18% used [0x0000000780f00000,0x0000000784660e50,0x0000000793f80000)
  from space 16384K, 99% used [0x0000000795400000,0x00000007963fdee8,0x0000000796400000)
  to   space 20992K, 0% used [0x0000000793f80000,0x0000000793f80000,0x0000000795400000)
 ParOldGen       total 132096K, used 24180K [0x0000000702c00000, 0x000000070ad00000, 0x0000000780f00000)
  object space 132096K, 18% used [0x0000000702c00000,0x000000070439d3f8,0x000000070ad00000)
 Metaspace       used 51308K, capacity 54484K, committed 54784K, reserved 1095680K
  class space    used 7021K, capacity 7583K, committed 7680K, reserved 1048576K

Card table byte_map: [0x0000000012260000,0x0000000012850000] byte_map_base: 0x000000000ea4a000

Marking Bits: (ParMarkBitMap*) 0x00000000524ebe30
 Begin Bits: [0x0000000013050000, 0x0000000015fa0000)
 End Bits:   [0x0000000015fa0000, 0x0000000018ef0000)

Polling page: 0x0000000001230000

CodeCache: size=245760Kb used=18174Kb max_used=19004Kb free=227585Kb
 bounds [0x0000000002ea0000, 0x0000000004150000, 0x0000000011ea0000]
 total_blobs=5403 nmethods=4914 adapters=400
 compilation: enabled

Compilation events (10 events):
Event: 49.764 Thread 0x0000000019e8c800 nmethod 5841% 0x0000000003d54b10 code [0x0000000003d54c80, 0x0000000003d55118]
Event: 49.765 Thread 0x0000000019e98000 5842       3       org.springframework.boot.ansi.AnsiOutput::toString (32 bytes)
Event: 49.765 Thread 0x0000000019e98000 nmethod 5842 0x0000000003a1fed0 code [0x0000000003a20080, 0x0000000003a20638]
Event: 49.765 Thread 0x0000000019e98000 5843       3       org.springframework.boot.ansi.AnsiOutput::isEnabled (46 bytes)
Event: 49.766 Thread 0x0000000019e94800 5844       4       org.springframework.beans.factory.annotation.AutowiredAnnotationBeanPostProcessor::findAutowiredAnnotation (63 bytes)
Event: 49.766 Thread 0x0000000019e98000 nmethod 5843 0x0000000003a3a910 code [0x0000000003a3aaa0, 0x0000000003a3aea8]
Event: 49.770 Thread 0x0000000019e8c800 5845       4       org.aspectj.weaver.JoinPointSignatureIterator::hasNext (49 bytes)
Event: 49.773 Thread 0x0000000019e8c800 nmethod 5845 0x00000000032be110 code [0x00000000032be260, 0x00000000032be388]
Event: 49.776 Thread 0x0000000019e8c800 5846       4       org.aspectj.weaver.patterns.SignaturePattern::matchesExactlyMethod (394 bytes)
Event: 49.776 Thread 0x0000000019e98000 5850       3       org.aspectj.weaver.JoinPointSignatureIterator::addSignaturesUpToFirstDefiningMember (336 bytes)

GC Heap History (10 events):
Event: 16.232 GC heap before
{Heap before GC invocations=6 (full 1):
 PSYoungGen      total 157184K, used 157152K [0x0000000780f00000, 0x000000078de00000, 0x00000007c0000000)
  eden space 149504K, 100% used [0x0000000780f00000,0x000000078a100000,0x000000078a100000)
  from space 7680K, 99% used [0x000000078d680000,0x000000078ddf80b8,0x000000078de00000)
  to   space 7680K, 0% used [0x000000078cf00000,0x000000078cf00000,0x000000078d680000)
 ParOldGen       total 87040K, used 11048K [0x0000000702c00000, 0x0000000708100000, 0x0000000780f00000)
  object space 87040K, 12% used [0x0000000702c00000,0x00000007036ca010,0x0000000708100000)
 Metaspace       used 29853K, capacity 31272K, committed 31488K, reserved 1077248K
  class space    used 4004K, capacity 4314K, committed 4352K, reserved 1048576K
Event: 16.258 GC heap after
Heap after GC invocations=6 (full 1):
 PSYoungGen      total 204288K, used 7666K [0x0000000780f00000, 0x0000000790300000, 0x00000007c0000000)
  eden space 196608K, 0% used [0x0000000780f00000,0x0000000780f00000,0x000000078cf00000)
  from space 7680K, 99% used [0x000000078cf00000,0x000000078d67c9a8,0x000000078d680000)
  to   space 13312K, 0% used [0x000000078f600000,0x000000078f600000,0x0000000790300000)
 ParOldGen       total 87040K, used 15285K [0x0000000702c00000, 0x0000000708100000, 0x0000000780f00000)
  object space 87040K, 17% used [0x0000000702c00000,0x0000000703aed7f0,0x0000000708100000)
 Metaspace       used 29853K, capacity 31272K, committed 31488K, reserved 1077248K
  class space    used 4004K, capacity 4314K, committed 4352K, reserved 1048576K
}
Event: 17.694 GC heap before
{Heap before GC invocations=7 (full 1):
 PSYoungGen      total 204288K, used 56213K [0x0000000780f00000, 0x0000000790300000, 0x00000007c0000000)
  eden space 196608K, 24% used [0x0000000780f00000,0x0000000783e68ca0,0x000000078cf00000)
  from space 7680K, 99% used [0x000000078cf00000,0x000000078d67c9a8,0x000000078d680000)
  to   space 13312K, 0% used [0x000000078f600000,0x000000078f600000,0x0000000790300000)
 ParOldGen       total 87040K, used 15285K [0x0000000702c00000, 0x0000000708100000, 0x0000000780f00000)
  object space 87040K, 17% used [0x0000000702c00000,0x0000000703aed7f0,0x0000000708100000)
 Metaspace       used 33671K, capacity 35364K, committed 35416K, reserved 1079296K
  class space    used 4495K, capacity 4835K, committed 4864K, reserved 1048576K
Event: 17.717 GC heap after
Heap after GC invocations=7 (full 1):
 PSYoungGen      total 236544K, used 10600K [0x0000000780f00000, 0x0000000794e00000, 0x00000007c0000000)
  eden space 223232K, 0% used [0x0000000780f00000,0x0000000780f00000,0x000000078e900000)
  from space 13312K, 79% used [0x000000078f600000,0x000000079005a1a8,0x0000000790300000)
  to   space 13312K, 0% used [0x000000078e900000,0x000000078e900000,0x000000078f600000)
 ParOldGen       total 87040K, used 15293K [0x0000000702c00000, 0x0000000708100000, 0x0000000780f00000)
  object space 87040K, 17% used [0x0000000702c00000,0x0000000703aef7f0,0x0000000708100000)
 Metaspace       used 33671K, capacity 35364K, committed 35416K, reserved 1079296K
  class space    used 4495K, capacity 4835K, committed 4864K, reserved 1048576K
}
Event: 17.717 GC heap before
{Heap before GC invocations=8 (full 2):
 PSYoungGen      total 236544K, used 10600K [0x0000000780f00000, 0x0000000794e00000, 0x00000007c0000000)
  eden space 223232K, 0% used [0x0000000780f00000,0x0000000780f00000,0x000000078e900000)
  from space 13312K, 79% used [0x000000078f600000,0x000000079005a1a8,0x0000000790300000)
  to   space 13312K, 0% used [0x000000078e900000,0x000000078e900000,0x000000078f600000)
 ParOldGen       total 87040K, used 15293K [0x0000000702c00000, 0x0000000708100000, 0x0000000780f00000)
  object space 87040K, 17% used [0x0000000702c00000,0x0000000703aef7f0,0x0000000708100000)
 Metaspace       used 33671K, capacity 35364K, committed 35416K, reserved 1079296K
  class space    used 4495K, capacity 4835K, committed 4864K, reserved 1048576K
Event: 17.849 GC heap after
Heap after GC invocations=8 (full 2):
 PSYoungGen      total 236544K, used 0K [0x0000000780f00000, 0x0000000794e00000, 0x00000007c0000000)
  eden space 223232K, 0% used [0x0000000780f00000,0x0000000780f00000,0x000000078e900000)
  from space 13312K, 0% used [0x000000078f600000,0x000000078f600000,0x0000000790300000)
  to   space 13312K, 0% used [0x000000078e900000,0x000000078e900000,0x000000078f600000)
 ParOldGen       total 132096K, used 14763K [0x0000000702c00000, 0x000000070ad00000, 0x0000000780f00000)
  object space 132096K, 11% used [0x0000000702c00000,0x0000000703a6ac68,0x000000070ad00000)
 Metaspace       used 33671K, capacity 35364K, committed 35416K, reserved 1079296K
  class space    used 4495K, capacity 4835K, committed 4864K, reserved 1048576K
}
Event: 29.970 GC heap before
{Heap before GC invocations=9 (full 2):
 PSYoungGen      total 236544K, used 223232K [0x0000000780f00000, 0x0000000794e00000, 0x00000007c0000000)
  eden space 223232K, 100% used [0x0000000780f00000,0x000000078e900000,0x000000078e900000)
  from space 13312K, 0% used [0x000000078f600000,0x000000078f600000,0x0000000790300000)
  to   space 13312K, 0% used [0x000000078e900000,0x000000078e900000,0x000000078f600000)
 ParOldGen       total 132096K, used 14763K [0x0000000702c00000, 0x000000070ad00000, 0x0000000780f00000)
  object space 132096K, 11% used [0x0000000702c00000,0x0000000703a6ac68,0x000000070ad00000)
 Metaspace       used 41580K, capacity 44002K, committed 44160K, reserved 1087488K
  class space    used 5539K, capacity 5963K, committed 6016K, reserved 1048576K
Event: 30.012 GC heap after
Heap after GC invocations=9 (full 2):
 PSYoungGen      total 236544K, used 13298K [0x0000000780f00000, 0x0000000796400000, 0x00000007c0000000)
  eden space 223232K, 0% used [0x0000000780f00000,0x0000000780f00000,0x000000078e900000)
  from space 13312K, 99% used [0x000000078e900000,0x000000078f5fcb00,0x000000078f600000)
  to   space 16384K, 0% used [0x0000000795400000,0x0000000795400000,0x0000000796400000)
 ParOldGen       total 132096K, used 17554K [0x0000000702c00000, 0x000000070ad00000, 0x0000000780f00000)
  object space 132096K, 13% used [0x0000000702c00000,0x0000000703d249c0,0x000000070ad00000)
 Metaspace       used 41580K, capacity 44002K, committed 44160K, reserved 1087488K
  class space    used 5539K, capacity 5963K, committed 6016K, reserved 1048576K
}
Event: 41.429 GC heap before
{Heap before GC invocations=10 (full 2):
 PSYoungGen      total 236544K, used 236530K [0x0000000780f00000, 0x0000000796400000, 0x00000007c0000000)
  eden space 223232K, 100% used [0x0000000780f00000,0x000000078e900000,0x000000078e900000)
  from space 13312K, 99% used [0x000000078e900000,0x000000078f5fcb00,0x000000078f600000)
  to   space 16384K, 0% used [0x0000000795400000,0x0000000795400000,0x0000000796400000)
 ParOldGen       total 132096K, used 17554K [0x0000000702c00000, 0x000000070ad00000, 0x0000000780f00000)
  object space 132096K, 13% used [0x0000000702c00000,0x0000000703d249c0,0x000000070ad00000)
 Metaspace       used 47473K, capacity 50666K, committed 50944K, reserved 1093632K
  class space    used 6482K, capacity 7074K, committed 7168K, reserved 1048576K
Event: 41.546 GC heap after
Heap after GC invocations=10 (full 2):
 PSYoungGen      total 328192K, used 16375K [0x0000000780f00000, 0x0000000796e80000, 0x00000007c0000000)
  eden space 311808K, 0% used [0x0000000780f00000,0x0000000780f00000,0x0000000793f80000)
  from space 16384K, 99% used [0x0000000795400000,0x00000007963fdee8,0x0000000796400000)
  to   space 20992K, 0% used [0x0000000793f80000,0x0000000793f80000,0x0000000795400000)
 ParOldGen       total 132096K, used 24180K [0x0000000702c00000, 0x000000070ad00000, 0x0000000780f00000)
  object space 132096K, 18% used [0x0000000702c00000,0x000000070439d3f8,0x000000070ad00000)
 Metaspace       used 47473K, capacity 50666K, committed 50944K, reserved 1093632K
  class space    used 6482K, capacity 7074K, committed 7168K, reserved 1048576K
}

Deoptimization events (10 events):
Event: 44.316 Thread 0x000000001c6dc000 Uncommon trap: reason=bimorphic action=maybe_recompile pc=0x0000000003cb2f04 method=java.io.BufferedInputStream.read1([BII)I @ 39
Event: 44.316 Thread 0x000000001c6dc000 Uncommon trap: reason=bimorphic action=maybe_recompile pc=0x0000000003c90374 method=java.io.BufferedInputStream.read1([BII)I @ 39
Event: 44.369 Thread 0x000000001c6dc000 Uncommon trap: reason=unstable_if action=reinterpret pc=0x0000000003b69dcc method=java.util.Properties.load0(Ljava/util/Properties$LineReader;)V @ 33
Event: 44.369 Thread 0x000000001c6dc000 Uncommon trap: reason=unstable_if action=reinterpret pc=0x0000000003a48864 method=java.util.Properties.load0(Ljava/util/Properties$LineReader;)V @ 33
Event: 44.839 Thread 0x000000001c6dc000 Uncommon trap: reason=bimorphic action=maybe_recompile pc=0x000000000365a4c0 method=java.util.regex.Pattern$CharProperty$1.isSatisfiedBy(I)Z @ 5
Event: 44.839 Thread 0x000000001c6dc000 Uncommon trap: reason=unstable_if action=reinterpret pc=0x000000000365a428 method=java.util.regex.Pattern$7.isSatisfiedBy(I)Z @ 19
Event: 44.966 Thread 0x000000001c6dc000 Uncommon trap: reason=unstable_if action=reinterpret pc=0x0000000003cc7b18 method=java.net.URI$Parser.scan(IILjava/lang/String;Ljava/lang/String;)I @ 23
Event: 49.692 Thread 0x000000001c6dc000 Uncommon trap: reason=unstable_if action=reinterpret pc=0x0000000003e4400c method=java.lang.Class.arrayContentsEq([Ljava/lang/Object;[Ljava/lang/Object;)Z @ 1
Event: 49.694 Thread 0x000000001c6dc000 Uncommon trap: reason=bimorphic action=maybe_recompile pc=0x00000000038feed4 method=java.util.Collections$SetFromMap.contains(Ljava/lang/Object;)Z @ 5
Event: 49.695 Thread 0x000000001c6dc000 Uncommon trap: reason=bimorphic action=maybe_recompile pc=0x00000000038feed4 method=java.util.Collections$SetFromMap.contains(Ljava/lang/Object;)Z @ 5

Classes redefined (0 events):
No events

Internal exceptions (10 events):
Event: 32.151 Thread 0x000000001c6dc000 Exception <a 'java/lang/ClassNotFoundException': com/simha/microservice/Currencyconversionservice/bean/OpenFeignClientExchnageCustomizer> (0x00000007846856f0) thrown at [C:\ade\jenkins\workspace\8-2-build-windows-amd64-cygwin\jdk8u241\331\hotspot\src\shar
Event: 35.237 Thread 0x000000001c6dc000 Exception <a 'java/lang/IncompatibleClassChangeError': Found class java.lang.Object, but interface was expected> (0x0000000788e58338) thrown at [C:\ade\jenkins\workspace\8-2-build-windows-amd64-cygwin\jdk8u241\331\hotspot\src\share\vm\interpreter\linkReso
Event: 36.463 Thread 0x000000001c6dc000 Exception <a 'java/lang/ClassNotFoundException': java/lang/ObjectCustomizer> (0x000000078b67fcc8) thrown at [C:\ade\jenkins\workspace\8-2-build-windows-amd64-cygwin\jdk8u241\331\hotspot\src\share\vm\classfile\systemDictionary.cpp, line 210]
Event: 36.465 Thread 0x000000001c6dc000 Exception <a 'java/lang/ClassNotFoundException': org/springframework/cloud/client/discovery/simple/SimpleDiscoveryClientAutoConfigurationCustomizer> (0x000000078b6b6f90) thrown at [C:\ade\jenkins\workspace\8-2-build-windows-amd64-cygwin\jdk8u241\331\hotsp
Event: 36.467 Thread 0x000000001c6dc000 Exception <a 'java/lang/ClassNotFoundException': org/springframework/context/ApplicationListenerCustomizer> (0x000000078b6e2aa8) thrown at [C:\ade\jenkins\workspace\8-2-build-windows-amd64-cygwin\jdk8u241\331\hotspot\src\share\vm\classfile\systemDictionar
Event: 36.470 Thread 0x000000001c6dc000 Exception <a 'java/lang/ClassNotFoundException': java/util/EventListenerCustomizer> (0x000000078b6f3a70) thrown at [C:\ade\jenkins\workspace\8-2-build-windows-amd64-cygwin\jdk8u241\331\hotspot\src\share\vm\classfile\systemDictionary.cpp, line 210]
Event: 42.374 Thread 0x000000001c6dc000 Implicit null exception at 0x000000000341a83d to 0x000000000341a955
Event: 47.585 Thread 0x000000001c6dc000 Exception <a 'java/net/ConnectException': Connection refused: connect> (0x00000007842c9d08) thrown at [C:\ade\jenkins\workspace\8-2-build-windows-amd64-cygwin\jdk8u241\331\hotspot\src\share\vm\prims\jni.cpp, line 736]
Event: 49.629 Thread 0x000000001c6dc000 Exception <a 'java/net/ConnectException': Connection refused: connect> (0x00000007842ca9b8) thrown at [C:\ade\jenkins\workspace\8-2-build-windows-amd64-cygwin\jdk8u241\331\hotspot\src\share\vm\prims\jni.cpp, line 736]
Event: 49.692 Thread 0x000000001c6dc000 Implicit null exception at 0x0000000003e3f5c6 to 0x0000000003e43fb5

Events (10 events):
Event: 49.752 loading class java/util/stream/IntPipeline$StatelessOp done
Event: 49.752 loading class java/util/stream/ReferencePipeline$4 done
Event: 49.753 loading class java/util/function/IntBinaryOperator
Event: 49.753 loading class java/util/function/IntBinaryOperator done
Event: 49.753 loading class java/util/stream/ReduceOps$5
Event: 49.762 loading class java/util/stream/ReduceOps$5 done
Event: 49.764 loading class java/util/stream/ReduceOps$5ReducingSink
Event: 49.764 loading class java/util/stream/ReduceOps$5ReducingSink done
Event: 49.764 loading class java/util/stream/ReferencePipeline$4$1
Event: 49.764 loading class java/util/stream/ReferencePipeline$4$1 done


Dynamic libraries:
0x00007ff6599b0000 - 0x00007ff6599e7000 	C:\Program Files\Java\jre1.8.0_241\bin\javaw.exe
0x00007ff99bcf0000 - 0x00007ff99bee5000 	C:\WINDOWS\SYSTEM32\ntdll.dll
0x00007ff999fd0000 - 0x00007ff99a08d000 	C:\WINDOWS\System32\KERNEL32.DLL
0x00007ff999430000 - 0x00007ff9996f9000 	C:\WINDOWS\System32\KERNELBASE.dll
0x00007ff999f20000 - 0x00007ff999fcc000 	C:\WINDOWS\System32\ADVAPI32.dll
0x00007ff99b3a0000 - 0x00007ff99b43e000 	C:\WINDOWS\System32\msvcrt.dll
0x00007ff99a260000 - 0x00007ff99a2fb000 	C:\WINDOWS\System32\sechost.dll
0x00007ff99ae90000 - 0x00007ff99afba000 	C:\WINDOWS\System32\RPCRT4.dll
0x00007ff99a700000 - 0x00007ff99a8a0000 	C:\WINDOWS\System32\USER32.dll
0x00007ff999700000 - 0x00007ff999722000 	C:\WINDOWS\System32\win32u.dll
0x00007ff99a300000 - 0x00007ff99a32a000 	C:\WINDOWS\System32\GDI32.dll
0x00007ff999830000 - 0x00007ff99993b000 	C:\WINDOWS\System32\gdi32full.dll
0x00007ff9999d0000 - 0x00007ff999a6d000 	C:\WINDOWS\System32\msvcp_win.dll
0x00007ff999730000 - 0x00007ff999830000 	C:\WINDOWS\System32\ucrtbase.dll
0x00007ff990580000 - 0x00007ff99081a000 	C:\WINDOWS\WinSxS\amd64_microsoft.windows.common-controls_6595b64144ccf1df_6.0.19041.1110_none_60b5254171f9507e\COMCTL32.dll
0x00007ff99a510000 - 0x00007ff99a540000 	C:\WINDOWS\System32\IMM32.DLL
0x0000000051a20000 - 0x0000000051af2000 	C:\Program Files\Java\jre1.8.0_241\bin\msvcr100.dll
0x0000000051cc0000 - 0x000000005256c000 	C:\Program Files\Java\jre1.8.0_241\bin\server\jvm.dll
0x00007ff99afc0000 - 0x00007ff99afc8000 	C:\WINDOWS\System32\PSAPI.DLL
0x00007ff98d3d0000 - 0x00007ff98d3d9000 	C:\WINDOWS\SYSTEM32\WSOCK32.dll
0x00007ff99b330000 - 0x00007ff99b39b000 	C:\WINDOWS\System32\WS2_32.dll
0x00007ff990940000 - 0x00007ff990967000 	C:\WINDOWS\SYSTEM32\WINMM.dll
0x00007ff992e20000 - 0x00007ff992e2a000 	C:\WINDOWS\SYSTEM32\VERSION.dll
0x00007ff992b80000 - 0x00007ff992b8f000 	C:\Program Files\Java\jre1.8.0_241\bin\verify.dll
0x00007ff98f7d0000 - 0x00007ff98f7f9000 	C:\Program Files\Java\jre1.8.0_241\bin\java.dll
0x00007ff98f7b0000 - 0x00007ff98f7c6000 	C:\Program Files\Java\jre1.8.0_241\bin\zip.dll
0x00007ff99b570000 - 0x00007ff99bcaf000 	C:\WINDOWS\System32\SHELL32.dll
0x00007ff995ff0000 - 0x00007ff996781000 	C:\WINDOWS\SYSTEM32\windows.storage.dll
0x00007ff99afd0000 - 0x00007ff99b325000 	C:\WINDOWS\System32\combase.dll
0x00007ff998cf0000 - 0x00007ff998d1c000 	C:\WINDOWS\SYSTEM32\Wldp.dll
0x00007ff999e10000 - 0x00007ff999ebe000 	C:\WINDOWS\System32\SHCORE.dll
0x00007ff999ec0000 - 0x00007ff999f15000 	C:\WINDOWS\System32\shlwapi.dll
0x00007ff999370000 - 0x00007ff99938f000 	C:\WINDOWS\SYSTEM32\profapi.dll
0x00007ff98f790000 - 0x00007ff98f7aa000 	C:\Program Files\Java\jre1.8.0_241\bin\net.dll
0x00007ff998ad0000 - 0x00007ff998b3a000 	C:\WINDOWS\system32\mswsock.dll
0x00007ff9987e0000 - 0x00007ff99881b000 	C:\WINDOWS\SYSTEM32\IPHLPAPI.DLL
0x00007ff99a3c0000 - 0x00007ff99a3c8000 	C:\WINDOWS\System32\NSI.dll
0x00007ff992310000 - 0x00007ff992327000 	C:\WINDOWS\SYSTEM32\dhcpcsvc6.DLL
0x00007ff9922f0000 - 0x00007ff99230d000 	C:\WINDOWS\SYSTEM32\dhcpcsvc.DLL
0x00007ff998820000 - 0x00007ff9988ec000 	C:\WINDOWS\SYSTEM32\DNSAPI.dll
0x00007ff9914d0000 - 0x00007ff9914da000 	C:\Windows\System32\rasadhlp.dll
0x00007ff98f9f0000 - 0x00007ff98fa6f000 	C:\WINDOWS\System32\fwpuclnt.dll
0x00007ff999b20000 - 0x00007ff999b47000 	C:\WINDOWS\System32\bcrypt.dll
0x00007ff98f850000 - 0x00007ff98f85d000 	C:\Program Files\Java\jre1.8.0_241\bin\management.dll
0x00007ff993eb0000 - 0x00007ff993ec7000 	C:\WINDOWS\system32\napinsp.dll
0x00007ff993e80000 - 0x00007ff993e9b000 	C:\WINDOWS\system32\pnrpnsp.dll
0x00007ff994350000 - 0x00007ff994365000 	C:\WINDOWS\system32\wshbth.dll
0x00007ff992620000 - 0x00007ff99263d000 	C:\WINDOWS\system32\NLAapi.dll
0x00007ff993e60000 - 0x00007ff993e72000 	C:\WINDOWS\System32\winrnr.dll
0x00007ff98f770000 - 0x00007ff98f782000 	C:\Program Files\Java\jre1.8.0_241\bin\nio.dll
0x00007ff999090000 - 0x00007ff9990a8000 	C:\WINDOWS\SYSTEM32\CRYPTSP.dll
0x00007ff998490000 - 0x00007ff9984c4000 	C:\WINDOWS\system32\rsaenh.dll
0x00007ff999330000 - 0x00007ff99935e000 	C:\WINDOWS\SYSTEM32\USERENV.dll
0x00007ff999940000 - 0x00007ff9999c3000 	C:\WINDOWS\System32\bcryptprimitives.dll
0x00007ff998c50000 - 0x00007ff998c5c000 	C:\WINDOWS\SYSTEM32\CRYPTBASE.dll
0x00007ff98edf0000 - 0x00007ff98ee14000 	C:\Program Files\Java\jre1.8.0_241\bin\sunec.dll

VM Arguments:
jvm_args: -Dfile.encoding=UTF-8 
java_command: com.simha.microservice.Currencyconversionservice.CurrencyConversionServiceApplication -Xms1024m -Xmx1024m -XX:PermSize=512m -XX:MaxPermSize=512m -XX:-UseGCOverheadLimit
java_class_path (initial): C:\Program Files\Java\jre1.8.0_241\lib\resources.jar;C:\Program Files\Java\jre1.8.0_241\lib\rt.jar;C:\Program Files\Java\jre1.8.0_241\lib\jsse.jar;C:\Program Files\Java\jre1.8.0_241\lib\jce.jar;C:\Program Files\Java\jre1.8.0_241\lib\charsets.jar;C:\Program Files\Java\jre1.8.0_241\lib\jfr.jar;C:\Program Files\Java\jre1.8.0_241\lib\ext\access-bridge-64.jar;C:\Program Files\Java\jre1.8.0_241\lib\ext\cldrdata.jar;C:\Program Files\Java\jre1.8.0_241\lib\ext\dnsns.jar;C:\Program Files\Java\jre1.8.0_241\lib\ext\jaccess.jar;C:\Program Files\Java\jre1.8.0_241\lib\ext\jfxrt.jar;C:\Program Files\Java\jre1.8.0_241\lib\ext\localedata.jar;C:\Program Files\Java\jre1.8.0_241\lib\ext\nashorn.jar;C:\Program Files\Java\jre1.8.0_241\lib\ext\sunec.jar;C:\Program Files\Java\jre1.8.0_241\lib\ext\sunjce_provider.jar;C:\Program Files\Java\jre1.8.0_241\lib\ext\sunmscapi.jar;C:\Program Files\Java\jre1.8.0_241\lib\ext\sunpkcs11.jar;C:\Program Files\Java\jre1.8.0_241\lib\ext\zipfs.jar;C:\Users\Simhachalam\Documents\microservices\Currency-conversion-service\target\classes;C:\Users\Simhachalam\.m2\repository\org\springframework\boot\spring-boot-starter-actuator\2.5.3\spring-boot-starter-actuator-2.5.3.jar;C:\Users\Simhachalam\.m2\repository\org\springframework\boot\spring-boot-starter\2.5.3\spring-boot-starter-2.5.3.jar;C:\Users\Simhachalam\.m2\repository\org\springframework\boot\spring-boot-starter-logging\2.5.3\spring-boot-starter-logging-2.5.3.jar;C:\Users\Simhachalam\.m2\repository\ch\qos\logback\logback-classic\1.2.4\logback-classic-1.2.4.jar;C:\Users\Simhachalam\.m2\repository\ch\qos\logback\logback-core\1.2.4\logback-core-1.2.4.jar;C:\Users\Simhachalam\.m2\repository\org\apache\logging\log4j\log4j-to-slf4j\2.14.1\log4j-to-slf4j-2.14.1.jar;C:\Users\Simhachalam\.m2\repository\org\apache\logging\log4j\log4j-api\2.14.1\log4j-api-2.14.1.jar;C:\Users\Simhachalam\.m2\repository\org\slf4j\jul-to-slf4j\1.7.32\jul-to-slf4j-1.7.32.jar;C:\Users\Simhachalam\.m2\repository\ja
Launcher Type: SUN_STANDARD

Environment Variables:
JAVA_HOME=C:\Program Files\Java\jdk1.8.0_241\
PATH=C:/Program Files/Java/jre1.8.0_241/bin/server;C:/Program Files/Java/jre1.8.0_241/bin;C:/Program Files/Java/jre1.8.0_241/lib/amd64;C:\app\Simhachalam\product\18.0.0\dbhomeXE\bin;C:\Program Files (x86)\Common Files\Oracle\Java\javapath;C:\WINDOWS\system32;C:\WINDOWS;C:\WINDOWS\System32\Wbem;C:\WINDOWS\System32\WindowsPowerShell\v1.0\;C:\WINDOWS\System32\OpenSSH\;C:\Program Files\nodejs\;C:\Program Files\Docker\Docker\resources\bin;C:\ProgramData\DockerDesktop\version-bin;C:\Program Files\MySQL\MySQL Shell 8.0\bin\;C:\Users\Simhachalam\Documents\Python_390\Scripts\;C:\Users\Simhachalam\Documents\Python_390\;C:\Program Files\Java\jdk1.8.0_241\bin;C:\Users\Simhachalam\AppData\Local\Programs\Microsoft VS Code\bin;C:\Program Files\Salesforce CLI\bin;C:\Users\Simhachalam\Documents\Software\apache-maven-3.8.1-bin\apache-maven-3.8.1\bin;;C:\Users\Simhachalam\AppData\Local\Microsoft\WindowsApps;C:\Users\Simhachalam\AppData\Roaming\npm;C:\Users\Simhachalam\Downloads\eclipse-java-oxygen-3a-win32-x86_64\eclipse;
USERNAME=Simhachalam
OS=Windows_NT
PROCESSOR_IDENTIFIER=Intel64 Family 6 Model 78 Stepping 3, GenuineIntel



---------------  S Y S T E M  ---------------

OS: Windows 10.0 , 64 bit Build 19041 (10.0.19041.1023)

CPU:total 4 (initial active 4) (2 cores per cpu, 2 threads per core) family 6 model 78 stepping 3, cmov, cx8, fxsr, mmx, sse, sse2, sse3, ssse3, sse4.1, sse4.2, popcnt, avx, avx2, aes, clmul, erms, 3dnowpref, lzcnt, ht, tsc, tscinvbit, bmi1, bmi2, adx

Memory: 4k page, physical 12396924k(1129152k free), swap 16591228k(3156k free)

vm_info: Java HotSpot(TM) 64-Bit Server VM (25.241-b07) for windows-amd64 JRE (1.8.0_241-b07), built on Dec 11 2019 10:21:40 by "rejava" with MS VC++ 10.0 (VS2010)

time: Mon Aug 09 22:29:27 2021
timezone: India Standard Time
elapsed time: 49 seconds (0d 0h 0m 49s)

