#
# There is insufficient memory for the Java Runtime Environment to continue.
# Native memory allocation (malloc) failed to allocate 138896 bytes for Chunk::new
# Possible reasons:
#   The system is out of physical RAM or swap space
#   The process is running with CompressedOops enabled, and the Java Heap may be blocking the growth of the native heap
# Possible solutions:
#   Reduce memory load on the system
#   Increase physical memory or swap space
#   Check if swap backing store is full
#   Decrease Java heap size (-Xmx/-Xms)
#   Decrease number of Java threads
#   Decrease Java thread stack sizes (-Xss)
#   Set larger code cache with -XX:ReservedCodeCacheSize=
#   JVM is running with Unscaled Compressed Oops mode in which the Java heap is
#     placed in the first 4GB address space. The Java Heap base address is the
#     maximum limit for the native heap growth. Please use -XX:HeapBaseMinAddress
#     to set the Java Heap base and to place the Java Heap above 4GB virtual address.
# This output file may be truncated or incomplete.
#
#  Out of Memory Error (allocation.cpp:389), pid=4424, tid=0x0000000000004690
#
# JRE version: Java(TM) SE Runtime Environment (8.0_241-b07) (build 1.8.0_241-b07)
# Java VM: Java HotSpot(TM) 64-Bit Server VM (25.241-b07 mixed mode windows-amd64 compressed oops)
# Failed to write core dump. Minidumps are not enabled by default on client versions of Windows
#

---------------  T H R E A D  ---------------

Current thread (0x000000001527f800):  JavaThread "C2 CompilerThread0" daemon [_thread_in_native, id=18064, stack(0x00000000168c0000,0x00000000169c0000)]

Stack: [0x00000000168c0000,0x00000000169c0000]
[error occurred during error reporting (printing stack bounds), id 0xc0000005]

Native frames: (J=compiled Java code, j=interpreted, Vv=VM code, C=native code)


Current CompileTask:
C2:    556  209  s!   4       sun.misc.URLClassPath::getLoader (243 bytes)


---------------  P R O C E S S  ---------------

Java Threads: ( => current thread )
  0x0000000016bf8800 JavaThread "Service Thread" daemon [_thread_blocked, id=16412, stack(0x0000000016fc0000,0x00000000170c0000)]
  0x0000000015294000 JavaThread "C1 CompilerThread2" daemon [_thread_blocked, id=12396, stack(0x0000000016ac0000,0x0000000016bc0000)]
  0x0000000015284000 JavaThread "C2 CompilerThread1" daemon [_thread_in_native, id=8240, stack(0x00000000169c0000,0x0000000016ac0000)]
=>0x000000001527f800 JavaThread "C2 CompilerThread0" daemon [_thread_in_native, id=18064, stack(0x00000000168c0000,0x00000000169c0000)]
  0x000000001527e000 JavaThread "Attach Listener" daemon [_thread_blocked, id=14740, stack(0x00000000167c0000,0x00000000168c0000)]
  0x000000001527c800 JavaThread "Signal Dispatcher" daemon [_thread_blocked, id=14080, stack(0x00000000166c0000,0x00000000167c0000)]
  0x0000000002b9d000 JavaThread "Finalizer" daemon [_thread_blocked, id=9276, stack(0x00000000164c0000,0x00000000165c0000)]
  0x0000000002b98000 JavaThread "Reference Handler" daemon [_thread_blocked, id=3080, stack(0x00000000163c0000,0x00000000164c0000)]
  0x0000000002aa8000 JavaThread "main" [_thread_in_native, id=11872, stack(0x0000000002930000,0x0000000002a30000)]

Other Threads:
  0x0000000015237800 VMThread [stack: 0x00000000162c0000,0x00000000163c0000] [id=9496]
  0x00000000152cd000 WatcherThread [stack: 0x00000000170c0000,0x00000000171c0000] [id=12952]

VM state:not at safepoint (normal execution)

VM Mutex/Monitor currently owned by a thread: None

heap address: 0x00000000c0000000, size: 1024 MB, Compressed Oops mode: 32-bit
Narrow klass base: 0x0000000000000000, Narrow klass shift: 3
Compressed class space size: 1073741824 Address: 0x0000000100000000

Heap:
 PSYoungGen      total 56832K, used 9149K [0x00000000eab00000, 0x00000000eea00000, 0x0000000100000000)
  eden space 49152K, 18% used [0x00000000eab00000,0x00000000eb3ef778,0x00000000edb00000)
  from space 7680K, 0% used [0x00000000ee280000,0x00000000ee280000,0x00000000eea00000)
  to   space 7680K, 0% used [0x00000000edb00000,0x00000000edb00000,0x00000000ee280000)
 ParOldGen       total 130048K, used 0K [0x00000000c0000000, 0x00000000c7f00000, 0x00000000eab00000)
  object space 130048K, 0% used [0x00000000c0000000,0x00000000c0000000,0x00000000c7f00000)
 Metaspace       used 3375K, capacity 4844K, committed 5120K, reserved 1056768K
  class space    used 354K, capacity 424K, committed 512K, reserved 1048576K

Card table byte_map: [0x0000000011f60000,0x0000000012170000] byte_map_base: 0x0000000011960000

Marking Bits: (ParMarkBitMap*) 0x0000000056d0be30
 Begin Bits: [0x00000000126d0000, 0x00000000136d0000)
 End Bits:   [0x00000000136d0000, 0x00000000146d0000)

Polling page: 0x0000000000fa0000

CodeCache: size=245760Kb used=1606Kb max_used=1606Kb free=244153Kb
 bounds [0x0000000002ba0000, 0x0000000002e10000, 0x0000000011ba0000]
 total_blobs=457 nmethods=218 adapters=150
 compilation: enabled

Compilation events (10 events):
Event: 0.547 Thread 0x0000000015294000 nmethod 214 0x0000000002d2b010 code [0x0000000002d2b1c0, 0x0000000002d2b6a8]
Event: 0.548 Thread 0x0000000015294000  215       3       java.util.jar.Manifest$FastInputStream::readLine (9 bytes)
Event: 0.548 Thread 0x0000000015294000 nmethod 215 0x0000000002d2b9d0 code [0x0000000002d2bb40, 0x0000000002d2bce8]
Event: 0.548 Thread 0x0000000015294000  216       1       java.lang.StringCoding$StringDecoder::requestedCharsetName (5 bytes)
Event: 0.548 Thread 0x0000000015294000 nmethod 216 0x0000000002d2bdd0 code [0x0000000002d2bf20, 0x0000000002d2c030]
Event: 0.549 Thread 0x0000000015294000  217       3       java.util.concurrent.ConcurrentHashMap$Node::<init> (26 bytes)
Event: 0.549 Thread 0x0000000015294000 nmethod 217 0x0000000002d2c090 code [0x0000000002d2c1e0, 0x0000000002d2c3d0]
Event: 0.550 Thread 0x0000000015294000  219       3       java.util.jar.Manifest$FastInputStream::peek (38 bytes)
Event: 0.551 Thread 0x0000000015294000 nmethod 219 0x0000000002d2c810 code [0x0000000002d2c980, 0x0000000002d2cbc8]
Event: 0.551 Thread 0x0000000015294000  220   !   3       java.util.concurrent.ConcurrentHashMap::putVal (362 bytes)

GC Heap History (0 events):
No events

Deoptimization events (1 events):
Event: 0.325 Thread 0x0000000002aa8000 Uncommon trap: reason=unstable_if action=reinterpret pc=0x0000000002caea60 method=java.lang.String.hashCode()I @ 14

Classes redefined (0 events):
No events

Internal exceptions (6 events):
Event: 0.085 Thread 0x0000000002aa8000 Exception <a 'java/lang/NoSuchMethodError': Method sun.misc.Unsafe.defineClass(Ljava/lang/String;[BII)Ljava/lang/Class; name or signature does not match> (0x00000000eab07cc0) thrown at [C:\ade\jenkins\workspace\8-2-build-windows-amd64-cygwin\jdk8u241\331\
Event: 0.085 Thread 0x0000000002aa8000 Exception <a 'java/lang/NoSuchMethodError': Method sun.misc.Unsafe.prefetchRead(Ljava/lang/Object;J)V name or signature does not match> (0x00000000eab07fa8) thrown at [C:\ade\jenkins\workspace\8-2-build-windows-amd64-cygwin\jdk8u241\331\hotspot\src\share\
Event: 0.542 Thread 0x0000000002aa8000 Exception <a 'java/security/PrivilegedActionException'> (0x00000000eb2d9358) thrown at [C:\ade\jenkins\workspace\8-2-build-windows-amd64-cygwin\jdk8u241\331\hotspot\src\share\vm\prims\jvm.cpp, line 1502]
Event: 0.542 Thread 0x0000000002aa8000 Exception <a 'java/security/PrivilegedActionException'> (0x00000000eb2d9568) thrown at [C:\ade\jenkins\workspace\8-2-build-windows-amd64-cygwin\jdk8u241\331\hotspot\src\share\vm\prims\jvm.cpp, line 1502]
Event: 0.542 Thread 0x0000000002aa8000 Exception <a 'java/security/PrivilegedActionException'> (0x00000000eb2dd478) thrown at [C:\ade\jenkins\workspace\8-2-build-windows-amd64-cygwin\jdk8u241\331\hotspot\src\share\vm\prims\jvm.cpp, line 1502]
Event: 0.543 Thread 0x0000000002aa8000 Exception <a 'java/security/PrivilegedActionException'> (0x00000000eb2dd688) thrown at [C:\ade\jenkins\workspace\8-2-build-windows-amd64-cygwin\jdk8u241\331\hotspot\src\share\vm\prims\jvm.cpp, line 1502]

Events (10 events):
Event: 0.549 loading class org/slf4j/spi/LoggerFactoryBinder
Event: 0.549 loading class org/slf4j/spi/LoggerFactoryBinder done
Event: 0.549 loading class ch/qos/logback/core/joran/spi/JoranException
Event: 0.550 loading class ch/qos/logback/core/joran/spi/JoranException done
Event: 0.551 loading class ch/qos/logback/core/Context
Event: 0.551 loading class ch/qos/logback/core/Context done
Event: 0.552 loading class ch/qos/logback/core/spi/PropertyContainer
Event: 0.552 loading class ch/qos/logback/core/spi/PropertyContainer done
Event: 0.553 loading class ch/qos/logback/classic/LoggerContext
Event: 0.553 loading class ch/qos/logback/classic/LoggerContext done


Dynamic libraries:
0x00007ff69d540000 - 0x00007ff69d577000 	C:\Program Files\Java\jdk1.8.0_241\bin\javaw.exe
0x00007ffaabe30000 - 0x00007ffaac025000 	C:\WINDOWS\SYSTEM32\ntdll.dll
0x00007ffaaa410000 - 0x00007ffaaa4cd000 	C:\WINDOWS\System32\KERNEL32.DLL
0x00007ffaa9960000 - 0x00007ffaa9c28000 	C:\WINDOWS\System32\KERNELBASE.dll
0x00007ffaab450000 - 0x00007ffaab4fc000 	C:\WINDOWS\System32\ADVAPI32.dll
0x00007ffaab3b0000 - 0x00007ffaab44e000 	C:\WINDOWS\System32\msvcrt.dll
0x00007ffaab900000 - 0x00007ffaab99b000 	C:\WINDOWS\System32\sechost.dll
0x00007ffaab7d0000 - 0x00007ffaab8fb000 	C:\WINDOWS\System32\RPCRT4.dll
0x00007ffaab510000 - 0x00007ffaab6b0000 	C:\WINDOWS\System32\USER32.dll
0x00007ffaa9930000 - 0x00007ffaa9952000 	C:\WINDOWS\System32\win32u.dll
0x00007ffaaba40000 - 0x00007ffaaba6a000 	C:\WINDOWS\System32\GDI32.dll
0x00007ffaa9680000 - 0x00007ffaa978b000 	C:\WINDOWS\System32\gdi32full.dll
0x00007ffaa9790000 - 0x00007ffaa982d000 	C:\WINDOWS\System32\msvcp_win.dll
0x00007ffaa9830000 - 0x00007ffaa9930000 	C:\WINDOWS\System32\ucrtbase.dll
0x00007ffa98e40000 - 0x00007ffa990da000 	C:\WINDOWS\WinSxS\amd64_microsoft.windows.common-controls_6595b64144ccf1df_6.0.19041.844_none_ca00b6081b84eb1d\COMCTL32.dll
0x00007ffaa9e90000 - 0x00007ffaa9ec0000 	C:\WINDOWS\System32\IMM32.DLL
0x0000000056d90000 - 0x0000000056e62000 	C:\Program Files\Java\jdk1.8.0_241\jre\bin\msvcr100.dll
0x00000000564e0000 - 0x0000000056d8c000 	C:\Program Files\Java\jdk1.8.0_241\jre\bin\server\jvm.dll
0x00007ffaab500000 - 0x00007ffaab508000 	C:\WINDOWS\System32\PSAPI.DLL
0x00007ffa9a830000 - 0x00007ffa9a83a000 	C:\WINDOWS\SYSTEM32\VERSION.dll
0x00007ffa943e0000 - 0x00007ffa943e9000 	C:\WINDOWS\SYSTEM32\WSOCK32.dll
0x00007ffa9acb0000 - 0x00007ffa9acd7000 	C:\WINDOWS\SYSTEM32\WINMM.dll
0x00007ffaab9b0000 - 0x00007ffaaba1b000 	C:\WINDOWS\System32\ws2_32.DLL
0x00007ffaa5430000 - 0x00007ffaa543f000 	C:\Program Files\Java\jdk1.8.0_241\jre\bin\verify.dll
0x00007ffaa4a60000 - 0x00007ffaa4a89000 	C:\Program Files\Java\jdk1.8.0_241\jre\bin\java.dll
0x00007ffaa4a40000 - 0x00007ffaa4a56000 	C:\Program Files\Java\jdk1.8.0_241\jre\bin\zip.dll
0x00007ffaaa740000 - 0x00007ffaaae82000 	C:\WINDOWS\System32\SHELL32.dll
0x00007ffaa76c0000 - 0x00007ffaa7e50000 	C:\WINDOWS\SYSTEM32\windows.storage.dll
0x00007ffaaaff0000 - 0x00007ffaab345000 	C:\WINDOWS\System32\combase.dll
0x00007ffaa8f70000 - 0x00007ffaa8f9c000 	C:\WINDOWS\SYSTEM32\Wldp.dll
0x00007ffaaaf40000 - 0x00007ffaaafee000 	C:\WINDOWS\System32\SHCORE.dll
0x00007ffaabb50000 - 0x00007ffaabba5000 	C:\WINDOWS\System32\shlwapi.dll
0x00007ffaa94b0000 - 0x00007ffaa94cf000 	C:\WINDOWS\SYSTEM32\profapi.dll

VM Arguments:
jvm_args: -XX:MaxHeapSize=1024m -Dfile.encoding=UTF-8 
java_command: com.simha.microservices.currencyexchangeservice.CurrencyExchangeServiceApplication
java_class_path (initial): C:\Program Files\Java\jdk1.8.0_241\jre\lib\resources.jar;C:\Program Files\Java\jdk1.8.0_241\jre\lib\rt.jar;C:\Program Files\Java\jdk1.8.0_241\jre\lib\jsse.jar;C:\Program Files\Java\jdk1.8.0_241\jre\lib\jce.jar;C:\Program Files\Java\jdk1.8.0_241\jre\lib\charsets.jar;C:\Program Files\Java\jdk1.8.0_241\jre\lib\jfr.jar;C:\Program Files\Java\jdk1.8.0_241\jre\lib\ext\access-bridge-64.jar;C:\Program Files\Java\jdk1.8.0_241\jre\lib\ext\cldrdata.jar;C:\Program Files\Java\jdk1.8.0_241\jre\lib\ext\dnsns.jar;C:\Program Files\Java\jdk1.8.0_241\jre\lib\ext\jaccess.jar;C:\Program Files\Java\jdk1.8.0_241\jre\lib\ext\jfxrt.jar;C:\Program Files\Java\jdk1.8.0_241\jre\lib\ext\localedata.jar;C:\Program Files\Java\jdk1.8.0_241\jre\lib\ext\nashorn.jar;C:\Program Files\Java\jdk1.8.0_241\jre\lib\ext\sunec.jar;C:\Program Files\Java\jdk1.8.0_241\jre\lib\ext\sunjce_provider.jar;C:\Program Files\Java\jdk1.8.0_241\jre\lib\ext\sunmscapi.jar;C:\Program Files\Java\jdk1.8.0_241\jre\lib\ext\sunpkcs11.jar;C:\Program Files\Java\jdk1.8.0_241\jre\lib\ext\zipfs.jar;C:\Users\Simhachalam\Documents\microservices\currency-exchange-service\target\classes;C:\Users\Simhachalam\.m2\repository\org\springframework\boot\spring-boot-starter-actuator\2.5.3\spring-boot-starter-actuator-2.5.3.jar;C:\Users\Simhachalam\.m2\repository\org\springframework\boot\spring-boot-starter\2.5.3\spring-boot-starter-2.5.3.jar;C:\Users\Simhachalam\.m2\repository\org\springframework\boot\spring-boot-starter-logging\2.5.3\spring-boot-starter-logging-2.5.3.jar;C:\Users\Simhachalam\.m2\repository\ch\qos\logback\logback-classic\1.2.4\logback-classic-1.2.4.jar;C:\Users\Simhachalam\.m2\repository\ch\qos\logback\logback-core\1.2.4\logback-core-1.2.4.jar;C:\Users\Simhachalam\.m2\repository\org\apache\logging\log4j\log4j-to-slf4j\2.14.1\log4j-to-slf4j-2.14.1.jar;C:\Users\Simhachalam\.m2\repository\org\apache\logging\log4j\log4j-api\2.14.1\log4j-api-2.14.1.jar;C:\Users\Simhachalam\.m2\repository\org\slf4j\jul-to-slf4j
Launcher Type: SUN_STANDARD

Environment Variables:
JAVA_HOME=C:\Program Files\Java\jdk1.8.0_241\
PATH=C:/Program Files/Java/jre1.8.0_241/bin/server;C:/Program Files/Java/jre1.8.0_241/bin;C:/Program Files/Java/jre1.8.0_241/lib/amd64;C:\app\Simhachalam\product\18.0.0\dbhomeXE\bin;C:\Program Files (x86)\Common Files\Oracle\Java\javapath;C:\WINDOWS\system32;C:\WINDOWS;C:\WINDOWS\System32\Wbem;C:\WINDOWS\System32\WindowsPowerShell\v1.0\;C:\WINDOWS\System32\OpenSSH\;C:\Program Files\nodejs\;C:\Program Files\MySQL\MySQL Shell 8.0\bin\;C:\Users\Simhachalam\Documents\Python_390\Scripts\;C:\Users\Simhachalam\Documents\Python_390\;C:\Program Files\Java\jdk1.8.0_241\bin;C:\Users\Simhachalam\AppData\Local\Programs\Microsoft VS Code\bin;C:\Program Files\Salesforce CLI\bin;C:\Users\Simhachalam\Documents\Software\apache-maven-3.8.1-bin\apache-maven-3.8.1\bin;;C:\Users\Simhachalam\AppData\Local\Microsoft\WindowsApps;C:\Users\Simhachalam\AppData\Roaming\npm;C:\Users\Simhachalam\Downloads\eclipse-java-oxygen-3a-win32-x86_64\eclipse;
USERNAME=Simhachalam
OS=Windows_NT
PROCESSOR_IDENTIFIER=Intel64 Family 6 Model 78 Stepping 3, GenuineIntel



---------------  S Y S T E M  ---------------

OS: Windows 10.0 , 64 bit Build 19041 (10.0.19041.928)

CPU:total 4 (initial active 4) (2 cores per cpu, 2 threads per core) family 6 model 78 stepping 3, cmov, cx8, fxsr, mmx, sse, sse2, sse3, ssse3, sse4.1, sse4.2, popcnt, avx, avx2, aes, clmul, erms, 3dnowpref, lzcnt, ht, tsc, tscinvbit, bmi1, bmi2, adx

Memory: 4k page, physical 12396924k(4224612k free), swap 16591228k(4120k free)

vm_info: Java HotSpot(TM) 64-Bit Server VM (25.241-b07) for windows-amd64 JRE (1.8.0_241-b07), built on Dec 11 2019 10:21:40 by "rejava" with MS VC++ 10.0 (VS2010)

time: Thu Aug 05 21:35:03 2021
timezone: India Standard Time
elapsed time: 0 seconds (0d 0h 0m 0s)

