#
# There is insufficient memory for the Java Runtime Environment to continue.
# Native memory allocation (malloc) failed to allocate 246096 bytes for Chunk::new
# Possible reasons:
#   The system is out of physical RAM or swap space
#   The process is running with CompressedOops enabled, and the Java Heap may be blocking the growth of the native heap
# Possible solutions:
#   Reduce memory load on the system
#   Increase physical memory or swap space
#   Check if swap backing store is full
#   Decrease Java heap size (-Xmx/-Xms)
#   Decrease number of Java threads
#   Decrease Java thread stack sizes (-Xss)
#   Set larger code cache with -XX:ReservedCodeCacheSize=
#   JVM is running with Unscaled Compressed Oops mode in which the Java heap is
#     placed in the first 4GB address space. The Java Heap base address is the
#     maximum limit for the native heap growth. Please use -XX:HeapBaseMinAddress
#     to set the Java Heap base and to place the Java Heap above 4GB virtual address.
# This output file may be truncated or incomplete.
#
#  Out of Memory Error (allocation.cpp:389), pid=10492, tid=0x0000000000002da4
#
# JRE version: Java(TM) SE Runtime Environment (8.0_241-b07) (build 1.8.0_241-b07)
# Java VM: Java HotSpot(TM) 64-Bit Server VM (25.241-b07 mixed mode windows-amd64 compressed oops)
# Failed to write core dump. Minidumps are not enabled by default on client versions of Windows
#

---------------  T H R E A D  ---------------

Current thread (0x0000000015a3e000):  JavaThread "C2 CompilerThread1" daemon [_thread_in_native, id=11684, stack(0x0000000017170000,0x0000000017270000)]

Stack: [0x0000000017170000,0x0000000017270000]
[error occurred during error reporting (printing stack bounds), id 0xc0000005]

Native frames: (J=compiled Java code, j=interpreted, Vv=VM code, C=native code)


Current CompileTask:
C2:    867  294       4       java.io.WinNTFileSystem::normalize (143 bytes)


---------------  P R O C E S S  ---------------

Java Threads: ( => current thread )
  0x00000000173b2800 JavaThread "Service Thread" daemon [_thread_blocked, id=12176, stack(0x0000000017770000,0x0000000017870000)]
  0x0000000015a46000 JavaThread "C1 CompilerThread2" daemon [_thread_in_vm, id=12704, stack(0x0000000017270000,0x0000000017370000)]
=>0x0000000015a3e000 JavaThread "C2 CompilerThread1" daemon [_thread_in_native, id=11684, stack(0x0000000017170000,0x0000000017270000)]
  0x0000000015a2f000 JavaThread "C2 CompilerThread0" daemon [_thread_blocked, id=13484, stack(0x0000000017070000,0x0000000017170000)]
  0x0000000015a2d800 JavaThread "Attach Listener" daemon [_thread_blocked, id=16760, stack(0x0000000016f70000,0x0000000017070000)]
  0x0000000015a2c800 JavaThread "Signal Dispatcher" daemon [_thread_blocked, id=17760, stack(0x0000000016e70000,0x0000000016f70000)]
  0x0000000015a0f800 JavaThread "Finalizer" daemon [_thread_blocked, id=12896, stack(0x0000000016c70000,0x0000000016d70000)]
  0x0000000003288000 JavaThread "Reference Handler" daemon [_thread_blocked, id=17828, stack(0x0000000016b70000,0x0000000016c70000)]
  0x0000000003198000 JavaThread "main" [_thread_in_vm, id=14368, stack(0x0000000003020000,0x0000000003120000)]

Other Threads:
  0x00000000159e7800 VMThread [stack: 0x0000000016a70000,0x0000000016b70000] [id=15260]
  0x00000000173fb000 WatcherThread [stack: 0x0000000017870000,0x0000000017970000] [id=16368]

VM state:not at safepoint (normal execution)

VM Mutex/Monitor currently owned by a thread: None

heap address: 0x00000000c0000000, size: 1024 MB, Compressed Oops mode: 32-bit
Narrow klass base: 0x0000000000000000, Narrow klass shift: 3
Compressed class space size: 1073741824 Address: 0x0000000100000000

Heap:
 PSYoungGen      total 56832K, used 18016K [0x00000000eab00000, 0x00000000eea00000, 0x0000000100000000)
  eden space 49152K, 36% used [0x00000000eab00000,0x00000000ebc98000,0x00000000edb00000)
  from space 7680K, 0% used [0x00000000ee280000,0x00000000ee280000,0x00000000eea00000)
  to   space 7680K, 0% used [0x00000000edb00000,0x00000000edb00000,0x00000000ee280000)
 ParOldGen       total 130048K, used 0K [0x00000000c0000000, 0x00000000c7f00000, 0x00000000eab00000)
  object space 130048K, 0% used [0x00000000c0000000,0x00000000c0000000,0x00000000c7f00000)
 Metaspace       used 6248K, capacity 6426K, committed 6528K, reserved 1056768K
  class space    used 705K, capacity 805K, committed 896K, reserved 1048576K

Card table byte_map: [0x0000000012710000,0x0000000012920000] byte_map_base: 0x0000000012110000

Marking Bits: (ParMarkBitMap*) 0x0000000056d0be30
 Begin Bits: [0x0000000012e80000, 0x0000000013e80000)
 End Bits:   [0x0000000013e80000, 0x0000000014e80000)

Polling page: 0x0000000003120000

CodeCache: size=245760Kb used=2414Kb max_used=2415Kb free=243345Kb
 bounds [0x0000000003350000, 0x00000000035c0000, 0x0000000012350000]
 total_blobs=802 nmethods=512 adapters=203
 compilation: enabled

Compilation events (10 events):
Event: 0.860 Thread 0x0000000015a46000 nmethod 504 0x00000000035a53d0 code [0x00000000035a5520, 0x00000000035a5670]
Event: 0.861 Thread 0x0000000015a2f000 nmethod 483 0x00000000035a8ad0 code [0x00000000035a8ca0, 0x00000000035a9440]
Event: 0.861 Thread 0x0000000015a2f000  484       4       java.lang.CharacterDataLatin1::toUpperCaseEx (71 bytes)
Event: 0.862 Thread 0x0000000015a2f000 nmethod 484 0x00000000035a5950 code [0x00000000035a5a80, 0x00000000035a5b58]
Event: 0.862 Thread 0x0000000015a2f000  497       4       java.util.concurrent.ConcurrentHashMap::casTabAt (20 bytes)
Event: 0.863 Thread 0x0000000015a2f000 nmethod 497 0x00000000035a5710 code [0x00000000035a5840, 0x00000000035a58b8]
Event: 0.863 Thread 0x0000000015a2f000  473       4       java.util.jar.JarFile::getJarEntry (9 bytes)
Event: 0.863 Thread 0x0000000015a46000  505       1       java.util.HashMap::afterNodeInsertion (1 bytes)
Event: 0.864 Thread 0x0000000015a46000 nmethod 505 0x00000000035a8610 code [0x00000000035a8760, 0x00000000035a8870]
Event: 0.864 Thread 0x0000000015a46000  506       3       java.util.HashMap::resize (359 bytes)

GC Heap History (0 events):
No events

Deoptimization events (2 events):
Event: 0.304 Thread 0x0000000003198000 Uncommon trap: reason=unstable_if action=reinterpret pc=0x00000000034552a0 method=java.lang.String.hashCode()I @ 14
Event: 0.623 Thread 0x0000000003198000 Uncommon trap: reason=unstable_if action=reinterpret pc=0x00000000034fdd50 method=sun.misc.MetaIndex.mayContain(Ljava/lang/String;)Z @ 13

Classes redefined (0 events):
No events

Internal exceptions (10 events):
Event: 0.066 Thread 0x0000000003198000 Exception <a 'java/lang/NoSuchMethodError': Method sun.misc.Unsafe.prefetchRead(Ljava/lang/Object;J)V name or signature does not match> (0x00000000eab07fa8) thrown at [C:\ade\jenkins\workspace\8-2-build-windows-amd64-cygwin\jdk8u241\331\hotspot\src\share\
Event: 0.524 Thread 0x0000000003198000 Exception <a 'java/security/PrivilegedActionException'> (0x00000000eb2d9358) thrown at [C:\ade\jenkins\workspace\8-2-build-windows-amd64-cygwin\jdk8u241\331\hotspot\src\share\vm\prims\jvm.cpp, line 1502]
Event: 0.524 Thread 0x0000000003198000 Exception <a 'java/security/PrivilegedActionException'> (0x00000000eb2d9568) thrown at [C:\ade\jenkins\workspace\8-2-build-windows-amd64-cygwin\jdk8u241\331\hotspot\src\share\vm\prims\jvm.cpp, line 1502]
Event: 0.525 Thread 0x0000000003198000 Exception <a 'java/security/PrivilegedActionException'> (0x00000000eb2dd478) thrown at [C:\ade\jenkins\workspace\8-2-build-windows-amd64-cygwin\jdk8u241\331\hotspot\src\share\vm\prims\jvm.cpp, line 1502]
Event: 0.525 Thread 0x0000000003198000 Exception <a 'java/security/PrivilegedActionException'> (0x00000000eb2dd688) thrown at [C:\ade\jenkins\workspace\8-2-build-windows-amd64-cygwin\jdk8u241\331\hotspot\src\share\vm\prims\jvm.cpp, line 1502]
Event: 0.580 Thread 0x0000000003198000 Exception <a 'java/io/FileNotFoundException'> (0x00000000eb42bac0) thrown at [C:\ade\jenkins\workspace\8-2-build-windows-amd64-cygwin\jdk8u241\331\hotspot\src\share\vm\prims\jni.cpp, line 710]
Event: 0.704 Thread 0x0000000003198000 Exception <a 'java/lang/NoSuchMethodError': java.lang.Object.lambda$static$0(Lorg/springframework/boot/WebApplicationType;)Lorg/springframework/context/ConfigurableApplicationContext;> (0x00000000eb675040) thrown at [C:\ade\jenkins\workspace\8-2-build-win
Event: 0.729 Thread 0x0000000003198000 Exception <a 'java/lang/NoSuchFieldError': method resolution failed> (0x00000000eb6ecd88) thrown at [C:\ade\jenkins\workspace\8-2-build-windows-amd64-cygwin\jdk8u241\331\hotspot\src\share\vm\prims\methodHandles.cpp, line 1167]
Event: 0.731 Thread 0x0000000003198000 Exception <a 'java/lang/NoSuchFieldError': method resolution failed> (0x00000000eb6fa0a8) thrown at [C:\ade\jenkins\workspace\8-2-build-windows-amd64-cygwin\jdk8u241\331\hotspot\src\share\vm\prims\methodHandles.cpp, line 1167]
Event: 0.860 Thread 0x0000000003198000 Exception <a 'java/lang/NoSuchMethodError': java.lang.Object.lambda$andThen$1(Ljava/util/function/Function;Ljava/lang/Object;)Ljava/lang/Object;> (0x00000000ebc19600) thrown at [C:\ade\jenkins\workspace\8-2-build-windows-amd64-cygwin\jdk8u241\331\hotspot\

Events (10 events):
Event: 0.862 loading class java/util/stream/Sink done
Event: 0.862 loading class java/util/stream/TerminalSink done
Event: 0.862 loading class java/util/stream/ReduceOps$AccumulatingSink done
Event: 0.862 loading class java/util/stream/ReduceOps$Box
Event: 0.862 loading class java/util/stream/ReduceOps$Box done
Event: 0.863 loading class java/util/stream/ReduceOps$3ReducingSink done
Event: 0.863 loading class java/util/stream/DistinctOps$1$2
Event: 0.863 loading class java/util/stream/Sink$ChainedReference
Event: 0.863 loading class java/util/stream/Sink$ChainedReference done
Event: 0.863 loading class java/util/stream/DistinctOps$1$2 done


Dynamic libraries:
0x00007ff69d540000 - 0x00007ff69d577000 	C:\Program Files\Java\jdk1.8.0_241\bin\javaw.exe
0x00007ffaabe30000 - 0x00007ffaac025000 	C:\WINDOWS\SYSTEM32\ntdll.dll
0x00007ffaaa410000 - 0x00007ffaaa4cd000 	C:\WINDOWS\System32\KERNEL32.DLL
0x00007ffaa9960000 - 0x00007ffaa9c28000 	C:\WINDOWS\System32\KERNELBASE.dll
0x00007ffaab450000 - 0x00007ffaab4fc000 	C:\WINDOWS\System32\ADVAPI32.dll
0x00007ffaab3b0000 - 0x00007ffaab44e000 	C:\WINDOWS\System32\msvcrt.dll
0x00007ffaab900000 - 0x00007ffaab99b000 	C:\WINDOWS\System32\sechost.dll
0x00007ffaab7d0000 - 0x00007ffaab8fb000 	C:\WINDOWS\System32\RPCRT4.dll
0x00007ffaab510000 - 0x00007ffaab6b0000 	C:\WINDOWS\System32\USER32.dll
0x00007ffaa9930000 - 0x00007ffaa9952000 	C:\WINDOWS\System32\win32u.dll
0x00007ffaaba40000 - 0x00007ffaaba6a000 	C:\WINDOWS\System32\GDI32.dll
0x00007ffaa9680000 - 0x00007ffaa978b000 	C:\WINDOWS\System32\gdi32full.dll
0x00007ffaa9790000 - 0x00007ffaa982d000 	C:\WINDOWS\System32\msvcp_win.dll
0x00007ffaa9830000 - 0x00007ffaa9930000 	C:\WINDOWS\System32\ucrtbase.dll
0x00007ffa98e40000 - 0x00007ffa990da000 	C:\WINDOWS\WinSxS\amd64_microsoft.windows.common-controls_6595b64144ccf1df_6.0.19041.844_none_ca00b6081b84eb1d\COMCTL32.dll
0x00007ffaa9e90000 - 0x00007ffaa9ec0000 	C:\WINDOWS\System32\IMM32.DLL
0x0000000056d90000 - 0x0000000056e62000 	C:\Program Files\Java\jdk1.8.0_241\jre\bin\msvcr100.dll
0x00000000564e0000 - 0x0000000056d8c000 	C:\Program Files\Java\jdk1.8.0_241\jre\bin\server\jvm.dll
0x00007ffaab500000 - 0x00007ffaab508000 	C:\WINDOWS\System32\PSAPI.DLL
0x00007ffa943e0000 - 0x00007ffa943e9000 	C:\WINDOWS\SYSTEM32\WSOCK32.dll
0x00007ffa9acb0000 - 0x00007ffa9acd7000 	C:\WINDOWS\SYSTEM32\WINMM.dll
0x00007ffaab9b0000 - 0x00007ffaaba1b000 	C:\WINDOWS\System32\WS2_32.dll
0x00007ffa9a830000 - 0x00007ffa9a83a000 	C:\WINDOWS\SYSTEM32\VERSION.dll
0x00007ffaa5430000 - 0x00007ffaa543f000 	C:\Program Files\Java\jdk1.8.0_241\jre\bin\verify.dll
0x00007ffaa4a60000 - 0x00007ffaa4a89000 	C:\Program Files\Java\jdk1.8.0_241\jre\bin\java.dll
0x00007ffaa4a40000 - 0x00007ffaa4a56000 	C:\Program Files\Java\jdk1.8.0_241\jre\bin\zip.dll
0x00007ffaaa740000 - 0x00007ffaaae82000 	C:\WINDOWS\System32\SHELL32.dll
0x00007ffaa76c0000 - 0x00007ffaa7e50000 	C:\WINDOWS\SYSTEM32\windows.storage.dll
0x00007ffaaaff0000 - 0x00007ffaab345000 	C:\WINDOWS\System32\combase.dll
0x00007ffaa8f70000 - 0x00007ffaa8f9c000 	C:\WINDOWS\SYSTEM32\Wldp.dll
0x00007ffaaaf40000 - 0x00007ffaaafee000 	C:\WINDOWS\System32\SHCORE.dll
0x00007ffaabb50000 - 0x00007ffaabba5000 	C:\WINDOWS\System32\shlwapi.dll
0x00007ffaa94b0000 - 0x00007ffaa94cf000 	C:\WINDOWS\SYSTEM32\profapi.dll

VM Arguments:
jvm_args: -XX:MaxHeapSize=1024m -Dfile.encoding=UTF-8 
java_command: com.simha.microservices.currencyexchangeservice.CurrencyExchangeServiceApplication
java_class_path (initial): C:\Program Files\Java\jdk1.8.0_241\jre\lib\resources.jar;C:\Program Files\Java\jdk1.8.0_241\jre\lib\rt.jar;C:\Program Files\Java\jdk1.8.0_241\jre\lib\jsse.jar;C:\Program Files\Java\jdk1.8.0_241\jre\lib\jce.jar;C:\Program Files\Java\jdk1.8.0_241\jre\lib\charsets.jar;C:\Program Files\Java\jdk1.8.0_241\jre\lib\jfr.jar;C:\Program Files\Java\jdk1.8.0_241\jre\lib\ext\access-bridge-64.jar;C:\Program Files\Java\jdk1.8.0_241\jre\lib\ext\cldrdata.jar;C:\Program Files\Java\jdk1.8.0_241\jre\lib\ext\dnsns.jar;C:\Program Files\Java\jdk1.8.0_241\jre\lib\ext\jaccess.jar;C:\Program Files\Java\jdk1.8.0_241\jre\lib\ext\jfxrt.jar;C:\Program Files\Java\jdk1.8.0_241\jre\lib\ext\localedata.jar;C:\Program Files\Java\jdk1.8.0_241\jre\lib\ext\nashorn.jar;C:\Program Files\Java\jdk1.8.0_241\jre\lib\ext\sunec.jar;C:\Program Files\Java\jdk1.8.0_241\jre\lib\ext\sunjce_provider.jar;C:\Program Files\Java\jdk1.8.0_241\jre\lib\ext\sunmscapi.jar;C:\Program Files\Java\jdk1.8.0_241\jre\lib\ext\sunpkcs11.jar;C:\Program Files\Java\jdk1.8.0_241\jre\lib\ext\zipfs.jar;C:\Users\Simhachalam\Documents\microservices\currency-exchange-service\target\classes;C:\Users\Simhachalam\.m2\repository\org\springframework\boot\spring-boot-starter-actuator\2.5.3\spring-boot-starter-actuator-2.5.3.jar;C:\Users\Simhachalam\.m2\repository\org\springframework\boot\spring-boot-starter\2.5.3\spring-boot-starter-2.5.3.jar;C:\Users\Simhachalam\.m2\repository\org\springframework\boot\spring-boot-starter-logging\2.5.3\spring-boot-starter-logging-2.5.3.jar;C:\Users\Simhachalam\.m2\repository\ch\qos\logback\logback-classic\1.2.4\logback-classic-1.2.4.jar;C:\Users\Simhachalam\.m2\repository\ch\qos\logback\logback-core\1.2.4\logback-core-1.2.4.jar;C:\Users\Simhachalam\.m2\repository\org\apache\logging\log4j\log4j-to-slf4j\2.14.1\log4j-to-slf4j-2.14.1.jar;C:\Users\Simhachalam\.m2\repository\org\apache\logging\log4j\log4j-api\2.14.1\log4j-api-2.14.1.jar;C:\Users\Simhachalam\.m2\repository\org\slf4j\jul-to-slf4j
Launcher Type: SUN_STANDARD

Environment Variables:
JAVA_HOME=C:\Program Files\Java\jdk1.8.0_241\
PATH=C:/Program Files/Java/jre1.8.0_241/bin/server;C:/Program Files/Java/jre1.8.0_241/bin;C:/Program Files/Java/jre1.8.0_241/lib/amd64;C:\app\Simhachalam\product\18.0.0\dbhomeXE\bin;C:\Program Files (x86)\Common Files\Oracle\Java\javapath;C:\WINDOWS\system32;C:\WINDOWS;C:\WINDOWS\System32\Wbem;C:\WINDOWS\System32\WindowsPowerShell\v1.0\;C:\WINDOWS\System32\OpenSSH\;C:\Program Files\nodejs\;C:\Program Files\MySQL\MySQL Shell 8.0\bin\;C:\Users\Simhachalam\Documents\Python_390\Scripts\;C:\Users\Simhachalam\Documents\Python_390\;C:\Program Files\Java\jdk1.8.0_241\bin;C:\Users\Simhachalam\AppData\Local\Programs\Microsoft VS Code\bin;C:\Program Files\Salesforce CLI\bin;C:\Users\Simhachalam\Documents\Software\apache-maven-3.8.1-bin\apache-maven-3.8.1\bin;;C:\Users\Simhachalam\AppData\Local\Microsoft\WindowsApps;C:\Users\Simhachalam\AppData\Roaming\npm;C:\Users\Simhachalam\Downloads\eclipse-java-oxygen-3a-win32-x86_64\eclipse;
USERNAME=Simhachalam
OS=Windows_NT
PROCESSOR_IDENTIFIER=Intel64 Family 6 Model 78 Stepping 3, GenuineIntel



---------------  S Y S T E M  ---------------

OS: Windows 10.0 , 64 bit Build 19041 (10.0.19041.928)

CPU:total 4 (initial active 4) (2 cores per cpu, 2 threads per core) family 6 model 78 stepping 3, cmov, cx8, fxsr, mmx, sse, sse2, sse3, ssse3, sse4.1, sse4.2, popcnt, avx, avx2, aes, clmul, erms, 3dnowpref, lzcnt, ht, tsc, tscinvbit, bmi1, bmi2, adx

Memory: 4k page, physical 12396924k(4085472k free), swap 16591228k(5692k free)

vm_info: Java HotSpot(TM) 64-Bit Server VM (25.241-b07) for windows-amd64 JRE (1.8.0_241-b07), built on Dec 11 2019 10:21:40 by "rejava" with MS VC++ 10.0 (VS2010)

time: Thu Aug 05 21:37:50 2021
timezone: India Standard Time
elapsed time: 0 seconds (0d 0h 0m 0s)

